{"C:\\ME\\ENW VISA\\enw\\server\\src\\app.js": {"path":"C:\\ME\\ENW VISA\\enw\\server\\src\\app.js","statementMap":{"0":{"start":{"line":16,"column":12},"end":{"line":16,"column":21}},"1":{"start":{"line":19,"column":0},"end":{"line":30,"column":2}},"2":{"start":{"line":33,"column":0},"end":{"line":38,"column":2}},"3":{"start":{"line":41,"column":16},"end":{"line":45,"column":2}},"4":{"start":{"line":46,"column":0},"end":{"line":46,"column":25}},"5":{"start":{"line":49,"column":0},"end":{"line":49,"column":41}},"6":{"start":{"line":50,"column":0},"end":{"line":50,"column":63}},"7":{"start":{"line":53,"column":0},"end":{"line":53,"column":23}},"8":{"start":{"line":56,"column":0},"end":{"line":62,"column":1}},"9":{"start":{"line":57,"column":2},"end":{"line":61,"column":4}},"10":{"start":{"line":59,"column":36},"end":{"line":59,"column":63}},"11":{"start":{"line":65,"column":0},"end":{"line":72,"column":3}},"12":{"start":{"line":66,"column":2},"end":{"line":71,"column":5}},"13":{"start":{"line":75,"column":0},"end":{"line":75,"column":41}},"14":{"start":{"line":78,"column":0},"end":{"line":78,"column":39}},"15":{"start":{"line":81,"column":0},"end":{"line":81,"column":24}},"16":{"start":{"line":84,"column":0},"end":{"line":90,"column":3}},"17":{"start":{"line":85,"column":2},"end":{"line":89,"column":5}},"18":{"start":{"line":93,"column":0},"end":{"line":93,"column":22}}},"fnMap":{"0":{"name":"(anonymous_0)","decl":{"start":{"line":59,"column":23},"end":{"line":59,"column":24}},"loc":{"start":{"line":59,"column":36},"end":{"line":59,"column":63}},"line":59},"1":{"name":"(anonymous_1)","decl":{"start":{"line":65,"column":19},"end":{"line":65,"column":20}},"loc":{"start":{"line":65,"column":33},"end":{"line":72,"column":1}},"line":65},"2":{"name":"(anonymous_2)","decl":{"start":{"line":84,"column":8},"end":{"line":84,"column":9}},"loc":{"start":{"line":84,"column":22},"end":{"line":90,"column":1}},"line":84}},"branchMap":{"0":{"loc":{"start":{"line":56,"column":0},"end":{"line":62,"column":1}},"type":"if","locations":[{"start":{"line":56,"column":0},"end":{"line":62,"column":1}},{"start":{},"end":{}}],"line":56}},"s":{"0":2,"1":2,"2":2,"3":2,"4":2,"5":2,"6":2,"7":2,"8":2,"9":0,"10":0,"11":2,"12":0,"13":2,"14":2,"15":2,"16":2,"17":0,"18":2},"f":{"0":0,"1":0,"2":0},"b":{"0":[0,2]},"inputSourceMap":null,"_coverageSchema":"1a1c01bbd47fc00a2c39e90264f33305004495a9","hash":"c05d6ea1e34fbb2ebbd779dc459b0c47e8617d05"}
,"C:\\ME\\ENW VISA\\enw\\server\\src\\server.js": {"path":"C:\\ME\\ENW VISA\\enw\\server\\src\\server.js","statementMap":{"0":{"start":{"line":9,"column":12},"end":{"line":9,"column":21}},"1":{"start":{"line":10,"column":13},"end":{"line":10,"column":24}},"2":{"start":{"line":13,"column":0},"end":{"line":13,"column":51}},"3":{"start":{"line":14,"column":0},"end":{"line":14,"column":24}},"4":{"start":{"line":17,"column":0},"end":{"line":24,"column":3}},"5":{"start":{"line":18,"column":2},"end":{"line":23,"column":5}},"6":{"start":{"line":27,"column":0},"end":{"line":27,"column":24}},"7":{"start":{"line":30,"column":2},"end":{"line":50,"column":3}},"8":{"start":{"line":32,"column":4},"end":{"line":32,"column":22}},"9":{"start":{"line":35,"column":19},"end":{"line":38,"column":6}},"10":{"start":{"line":36,"column":6},"end":{"line":36,"column":55}},"11":{"start":{"line":37,"column":6},"end":{"line":37,"column":51}},"12":{"start":{"line":41,"column":4},"end":{"line":46,"column":7}},"13":{"start":{"line":42,"column":6},"end":{"line":42,"column":66}},"14":{"start":{"line":43,"column":6},"end":{"line":45,"column":9}},"15":{"start":{"line":44,"column":8},"end":{"line":44,"column":42}},"16":{"start":{"line":48,"column":4},"end":{"line":48,"column":51}},"17":{"start":{"line":49,"column":4},"end":{"line":49,"column":20}},"18":{"start":{"line":53,"column":0},"end":{"line":53,"column":14}}},"fnMap":{"0":{"name":"(anonymous_0)","decl":{"start":{"line":17,"column":19},"end":{"line":17,"column":20}},"loc":{"start":{"line":17,"column":33},"end":{"line":24,"column":1}},"line":17},"1":{"name":"startServer","decl":{"start":{"line":29,"column":15},"end":{"line":29,"column":26}},"loc":{"start":{"line":29,"column":29},"end":{"line":51,"column":1}},"line":29},"2":{"name":"(anonymous_2)","decl":{"start":{"line":35,"column":36},"end":{"line":35,"column":37}},"loc":{"start":{"line":35,"column":42},"end":{"line":38,"column":5}},"line":35},"3":{"name":"(anonymous_3)","decl":{"start":{"line":41,"column":26},"end":{"line":41,"column":27}},"loc":{"start":{"line":41,"column":32},"end":{"line":46,"column":5}},"line":41},"4":{"name":"(anonymous_4)","decl":{"start":{"line":43,"column":19},"end":{"line":43,"column":20}},"loc":{"start":{"line":43,"column":25},"end":{"line":45,"column":7}},"line":43}},"branchMap":{"0":{"loc":{"start":{"line":22,"column":17},"end":{"line":22,"column":54}},"type":"binary-expr","locations":[{"start":{"line":22,"column":17},"end":{"line":22,"column":37}},{"start":{"line":22,"column":41},"end":{"line":22,"column":54}}],"line":22}},"s":{"0":0,"1":0,"2":0,"3":0,"4":0,"5":0,"6":0,"7":0,"8":0,"9":0,"10":0,"11":0,"12":0,"13":0,"14":0,"15":0,"16":0,"17":0,"18":0},"f":{"0":0,"1":0,"2":0,"3":0,"4":0},"b":{"0":[0,0]},"inputSourceMap":null}
,"C:\\ME\\ENW VISA\\enw\\server\\src\\config\\config.js": {"path":"C:\\ME\\ENW VISA\\enw\\server\\src\\config\\config.js","statementMap":{"0":{"start":{"line":5,"column":0},"end":{"line":5,"column":61}},"1":{"start":{"line":7,"column":14},"end":{"line":10,"column":1}},"2":{"start":{"line":8,"column":12},"end":{"line":8,"column":27}},"3":{"start":{"line":9,"column":2},"end":{"line":9,"column":40}},"4":{"start":{"line":12,"column":15},"end":{"line":41,"column":1}},"5":{"start":{"line":44,"column":0},"end":{"line":45,"column":63}},"6":{"start":{"line":45,"column":2},"end":{"line":45,"column":63}}},"fnMap":{"0":{"name":"(anonymous_0)","decl":{"start":{"line":7,"column":14},"end":{"line":7,"column":15}},"loc":{"start":{"line":7,"column":31},"end":{"line":10,"column":1}},"line":7}},"branchMap":{"0":{"loc":{"start":{"line":9,"column":9},"end":{"line":9,"column":39}},"type":"cond-expr","locations":[{"start":{"line":9,"column":27},"end":{"line":9,"column":35}},{"start":{"line":9,"column":38},"end":{"line":9,"column":39}}],"line":9},"1":{"loc":{"start":{"line":13,"column":7},"end":{"line":13,"column":44}},"type":"binary-expr","locations":[{"start":{"line":13,"column":7},"end":{"line":13,"column":27}},{"start":{"line":13,"column":31},"end":{"line":13,"column":44}}],"line":13},"2":{"loc":{"start":{"line":15,"column":13},"end":{"line":15,"column":62}},"type":"binary-expr","locations":[{"start":{"line":15,"column":13},"end":{"line":15,"column":35}},{"start":{"line":15,"column":39},"end":{"line":15,"column":62}}],"line":15},"3":{"loc":{"start":{"line":18,"column":12},"end":{"line":18,"column":41}},"type":"binary-expr","locations":[{"start":{"line":18,"column":12},"end":{"line":18,"column":35}},{"start":{"line":18,"column":39},"end":{"line":18,"column":41}}],"line":18},"4":{"loc":{"start":{"line":22,"column":10},"end":{"line":22,"column":52}},"type":"binary-expr","locations":[{"start":{"line":22,"column":10},"end":{"line":22,"column":32}},{"start":{"line":22,"column":36},"end":{"line":22,"column":52}}],"line":22},"5":{"loc":{"start":{"line":24,"column":10},"end":{"line":24,"column":38}},"type":"binary-expr","locations":[{"start":{"line":24,"column":10},"end":{"line":24,"column":32}},{"start":{"line":24,"column":36},"end":{"line":24,"column":38}}],"line":24},"6":{"loc":{"start":{"line":25,"column":14},"end":{"line":25,"column":46}},"type":"binary-expr","locations":[{"start":{"line":25,"column":14},"end":{"line":25,"column":40}},{"start":{"line":25,"column":44},"end":{"line":25,"column":46}}],"line":25},"7":{"loc":{"start":{"line":26,"column":10},"end":{"line":26,"column":71}},"type":"binary-expr","locations":[{"start":{"line":26,"column":10},"end":{"line":26,"column":32}},{"start":{"line":26,"column":36},"end":{"line":26,"column":71}}],"line":26},"8":{"loc":{"start":{"line":30,"column":13},"end":{"line":30,"column":77}},"type":"binary-expr","locations":[{"start":{"line":30,"column":13},"end":{"line":30,"column":35}},{"start":{"line":30,"column":39},"end":{"line":30,"column":77}}],"line":30},"9":{"loc":{"start":{"line":44,"column":0},"end":{"line":45,"column":63}},"type":"if","locations":[{"start":{"line":44,"column":0},"end":{"line":45,"column":63}},{"start":{},"end":{}}],"line":44}},"s":{"0":2,"1":2,"2":10,"3":10,"4":2,"5":2,"6":0},"f":{"0":10},"b":{"0":[8,2],"1":[2,0],"2":[2,0],"3":[2,0],"4":[2,2],"5":[2,2],"6":[2,2],"7":[2,2],"8":[2,2],"9":[0,2]},"inputSourceMap":null,"_coverageSchema":"1a1c01bbd47fc00a2c39e90264f33305004495a9","hash":"cb118e590f7803a3d0b5b25cc44ccf2b77fd6fc4"}
,"C:\\ME\\ENW VISA\\enw\\server\\src\\config\\db.js": {"path":"C:\\ME\\ENW VISA\\enw\\server\\src\\config\\db.js","statementMap":{"0":{"start":{"line":6,"column":14},"end":{"line":6,"column":37}},"1":{"start":{"line":8,"column":2},"end":{"line":10,"column":3}},"2":{"start":{"line":9,"column":4},"end":{"line":9,"column":75}},"3":{"start":{"line":12,"column":2},"end":{"line":38,"column":3}},"4":{"start":{"line":13,"column":4},"end":{"line":13,"column":38}},"5":{"start":{"line":15,"column":4},"end":{"line":20,"column":7}},"6":{"start":{"line":23,"column":33},"end":{"line":23,"column":52}},"7":{"start":{"line":24,"column":4},"end":{"line":24,"column":75}},"8":{"start":{"line":26,"column":4},"end":{"line":26,"column":52}},"9":{"start":{"line":28,"column":4},"end":{"line":30,"column":7}},"10":{"start":{"line":29,"column":6},"end":{"line":29,"column":53}},"11":{"start":{"line":32,"column":4},"end":{"line":34,"column":7}},"12":{"start":{"line":33,"column":6},"end":{"line":33,"column":42}},"13":{"start":{"line":36,"column":4},"end":{"line":36,"column":57}},"14":{"start":{"line":37,"column":4},"end":{"line":37,"column":16}},"15":{"start":{"line":42,"column":2},"end":{"line":42,"column":36}},"16":{"start":{"line":43,"column":2},"end":{"line":43,"column":43}},"17":{"start":{"line":48,"column":31},"end":{"line":48,"column":50}},"18":{"start":{"line":49,"column":2},"end":{"line":51,"column":4}},"19":{"start":{"line":55,"column":0},"end":{"line":58,"column":3}},"20":{"start":{"line":56,"column":2},"end":{"line":56,"column":23}},"21":{"start":{"line":57,"column":2},"end":{"line":57,"column":18}},"22":{"start":{"line":60,"column":0},"end":{"line":63,"column":3}},"23":{"start":{"line":61,"column":2},"end":{"line":61,"column":23}},"24":{"start":{"line":62,"column":2},"end":{"line":62,"column":18}}},"fnMap":{"0":{"name":"connectDB","decl":{"start":{"line":5,"column":22},"end":{"line":5,"column":31}},"loc":{"start":{"line":5,"column":34},"end":{"line":39,"column":1}},"line":5},"1":{"name":"(anonymous_1)","decl":{"start":{"line":28,"column":36},"end":{"line":28,"column":37}},"loc":{"start":{"line":28,"column":45},"end":{"line":30,"column":5}},"line":28},"2":{"name":"(anonymous_2)","decl":{"start":{"line":32,"column":43},"end":{"line":32,"column":44}},"loc":{"start":{"line":32,"column":49},"end":{"line":34,"column":5}},"line":32},"3":{"name":"disconnectDB","decl":{"start":{"line":41,"column":22},"end":{"line":41,"column":34}},"loc":{"start":{"line":41,"column":37},"end":{"line":44,"column":1}},"line":41},"4":{"name":"logDbInfo","decl":{"start":{"line":47,"column":16},"end":{"line":47,"column":25}},"loc":{"start":{"line":47,"column":28},"end":{"line":52,"column":1}},"line":47},"5":{"name":"(anonymous_5)","decl":{"start":{"line":55,"column":21},"end":{"line":55,"column":22}},"loc":{"start":{"line":55,"column":33},"end":{"line":58,"column":1}},"line":55},"6":{"name":"(anonymous_6)","decl":{"start":{"line":60,"column":22},"end":{"line":60,"column":23}},"loc":{"start":{"line":60,"column":34},"end":{"line":63,"column":1}},"line":60}},"branchMap":{"0":{"loc":{"start":{"line":8,"column":2},"end":{"line":10,"column":3}},"type":"if","locations":[{"start":{"line":8,"column":2},"end":{"line":10,"column":3}},{"start":{},"end":{}}],"line":8},"1":{"loc":{"start":{"line":24,"column":60},"end":{"line":24,"column":71}},"type":"binary-expr","locations":[{"start":{"line":24,"column":60},"end":{"line":24,"column":64}},{"start":{"line":24,"column":68},"end":{"line":24,"column":71}}],"line":24},"2":{"loc":{"start":{"line":50,"column":18},"end":{"line":50,"column":29}},"type":"binary-expr","locations":[{"start":{"line":50,"column":18},"end":{"line":50,"column":22}},{"start":{"line":50,"column":26},"end":{"line":50,"column":29}}],"line":50},"3":{"loc":{"start":{"line":50,"column":40},"end":{"line":50,"column":51}},"type":"binary-expr","locations":[{"start":{"line":50,"column":40},"end":{"line":50,"column":44}},{"start":{"line":50,"column":48},"end":{"line":50,"column":51}}],"line":50},"4":{"loc":{"start":{"line":50,"column":62},"end":{"line":50,"column":73}},"type":"binary-expr","locations":[{"start":{"line":50,"column":62},"end":{"line":50,"column":66}},{"start":{"line":50,"column":70},"end":{"line":50,"column":73}}],"line":50}},"s":{"0":0,"1":0,"2":0,"3":0,"4":0,"5":0,"6":0,"7":0,"8":0,"9":0,"10":0,"11":0,"12":0,"13":0,"14":0,"15":0,"16":0,"17":0,"18":0,"19":0,"20":0,"21":0,"22":0,"23":0,"24":0},"f":{"0":0,"1":0,"2":0,"3":0,"4":0,"5":0,"6":0},"b":{"0":[0,0],"1":[0,0],"2":[0,0],"3":[0,0],"4":[0,0]},"inputSourceMap":null}
,"C:\\ME\\ENW VISA\\enw\\server\\src\\controllers\\blog.controller.js": {"path":"C:\\ME\\ENW VISA\\enw\\server\\src\\controllers\\blog.controller.js","statementMap":{"0":{"start":{"line":11,"column":24},"end":{"line":110,"column":2}},"1":{"start":{"line":13,"column":2},"end":{"line":15,"column":3}},"2":{"start":{"line":14,"column":4},"end":{"line":14,"column":80}},"3":{"start":{"line":18,"column":2},"end":{"line":21,"column":5}},"4":{"start":{"line":31,"column":6},"end":{"line":31,"column":15}},"5":{"start":{"line":34,"column":19},"end":{"line":34,"column":57}},"6":{"start":{"line":35,"column":20},"end":{"line":35,"column":58}},"7":{"start":{"line":38,"column":17},"end":{"line":38,"column":19}},"8":{"start":{"line":39,"column":21},"end":{"line":39,"column":49}},"9":{"start":{"line":40,"column":2},"end":{"line":42,"column":3}},"10":{"start":{"line":41,"column":4},"end":{"line":41,"column":31}},"11":{"start":{"line":45,"column":2},"end":{"line":63,"column":3}},"12":{"start":{"line":46,"column":16},"end":{"line":46,"column":62}},"13":{"start":{"line":47,"column":4},"end":{"line":62,"column":5}},"14":{"start":{"line":48,"column":6},"end":{"line":48,"column":32}},"15":{"start":{"line":50,"column":6},"end":{"line":54,"column":9}},"16":{"start":{"line":55,"column":6},"end":{"line":61,"column":9}},"17":{"start":{"line":66,"column":2},"end":{"line":68,"column":3}},"18":{"start":{"line":67,"column":4},"end":{"line":67,"column":33}},"19":{"start":{"line":71,"column":2},"end":{"line":77,"column":3}},"20":{"start":{"line":72,"column":4},"end":{"line":76,"column":6}},"21":{"start":{"line":80,"column":2},"end":{"line":85,"column":5}},"22":{"start":{"line":87,"column":25},"end":{"line":95,"column":4}},"23":{"start":{"line":97,"column":2},"end":{"line":100,"column":5}},"24":{"start":{"line":103,"column":2},"end":{"line":109,"column":5}},"25":{"start":{"line":112,"column":29},"end":{"line":150,"column":2}},"26":{"start":{"line":114,"column":2},"end":{"line":121,"column":3}},"27":{"start":{"line":115,"column":4},"end":{"line":120,"column":7}},"28":{"start":{"line":123,"column":2},"end":{"line":126,"column":5}},"29":{"start":{"line":128,"column":19},"end":{"line":128,"column":29}},"30":{"start":{"line":130,"column":15},"end":{"line":133,"column":38}},"31":{"start":{"line":135,"column":2},"end":{"line":138,"column":3}},"32":{"start":{"line":136,"column":4},"end":{"line":136,"column":55}},"33":{"start":{"line":137,"column":4},"end":{"line":137,"column":46}},"34":{"start":{"line":141,"column":2},"end":{"line":141,"column":18}},"35":{"start":{"line":142,"column":2},"end":{"line":142,"column":20}},"36":{"start":{"line":144,"column":2},"end":{"line":144,"column":70}},"37":{"start":{"line":146,"column":2},"end":{"line":149,"column":5}},"38":{"start":{"line":152,"column":31},"end":{"line":180,"column":2}},"39":{"start":{"line":153,"column":19},"end":{"line":153,"column":29}},"40":{"start":{"line":154,"column":24},"end":{"line":154,"column":33}},"41":{"start":{"line":156,"column":19},"end":{"line":156,"column":56}},"42":{"start":{"line":158,"column":22},"end":{"line":158,"column":54}},"43":{"start":{"line":160,"column":2},"end":{"line":162,"column":3}},"44":{"start":{"line":161,"column":4},"end":{"line":161,"column":46}},"45":{"start":{"line":164,"column":23},"end":{"line":174,"column":20}},"46":{"start":{"line":176,"column":2},"end":{"line":179,"column":5}},"47":{"start":{"line":182,"column":29},"end":{"line":207,"column":2}},"48":{"start":{"line":183,"column":21},"end":{"line":185,"column":3}},"49":{"start":{"line":188,"column":30},"end":{"line":200,"column":3}},"50":{"start":{"line":190,"column":20},"end":{"line":193,"column":8}},"51":{"start":{"line":195,"column":6},"end":{"line":198,"column":8}},"52":{"start":{"line":202,"column":2},"end":{"line":206,"column":5}},"53":{"start":{"line":209,"column":23},"end":{"line":228,"column":2}},"54":{"start":{"line":210,"column":15},"end":{"line":221,"column":4}},"55":{"start":{"line":223,"column":2},"end":{"line":227,"column":5}},"56":{"start":{"line":225,"column":27},"end":{"line":225,"column":58}},"57":{"start":{"line":233,"column":26},"end":{"line":257,"column":2}},"58":{"start":{"line":234,"column":35},"end":{"line":234,"column":43}},"59":{"start":{"line":237,"column":22},"end":{"line":237,"column":44}},"60":{"start":{"line":240,"column":2},"end":{"line":242,"column":3}},"61":{"start":{"line":241,"column":4},"end":{"line":241,"column":52}},"62":{"start":{"line":244,"column":15},"end":{"line":248,"column":4}},"63":{"start":{"line":250,"column":2},"end":{"line":250,"column":53}},"64":{"start":{"line":252,"column":2},"end":{"line":256,"column":5}},"65":{"start":{"line":259,"column":26},"end":{"line":289,"column":2}},"66":{"start":{"line":260,"column":17},"end":{"line":260,"column":27}},"67":{"start":{"line":261,"column":37},"end":{"line":261,"column":45}},"68":{"start":{"line":263,"column":15},"end":{"line":263,"column":42}},"69":{"start":{"line":265,"column":2},"end":{"line":267,"column":3}},"70":{"start":{"line":266,"column":4},"end":{"line":266,"column":46}},"71":{"start":{"line":270,"column":2},"end":{"line":277,"column":3}},"72":{"start":{"line":271,"column":4},"end":{"line":271,"column":33}},"73":{"start":{"line":272,"column":4},"end":{"line":272,"column":52}},"74":{"start":{"line":274,"column":4},"end":{"line":276,"column":5}},"75":{"start":{"line":275,"column":6},"end":{"line":275,"column":56}},"76":{"start":{"line":279,"column":2},"end":{"line":279,"column":34}},"77":{"start":{"line":280,"column":2},"end":{"line":280,"column":20}},"78":{"start":{"line":282,"column":2},"end":{"line":282,"column":49}},"79":{"start":{"line":284,"column":2},"end":{"line":288,"column":5}},"80":{"start":{"line":291,"column":26},"end":{"line":306,"column":2}},"81":{"start":{"line":292,"column":17},"end":{"line":292,"column":27}},"82":{"start":{"line":294,"column":15},"end":{"line":294,"column":51}},"83":{"start":{"line":296,"column":2},"end":{"line":298,"column":3}},"84":{"start":{"line":297,"column":4},"end":{"line":297,"column":46}},"85":{"start":{"line":300,"column":2},"end":{"line":300,"column":49}},"86":{"start":{"line":302,"column":2},"end":{"line":305,"column":5}},"87":{"start":{"line":308,"column":30},"end":{"line":316,"column":2}},"88":{"start":{"line":309,"column":19},"end":{"line":309,"column":54}},"89":{"start":{"line":311,"column":2},"end":{"line":315,"column":5}}},"fnMap":{"0":{"name":"(anonymous_0)","decl":{"start":{"line":11,"column":35},"end":{"line":11,"column":36}},"loc":{"start":{"line":11,"column":55},"end":{"line":110,"column":1}},"line":11},"1":{"name":"(anonymous_1)","decl":{"start":{"line":112,"column":40},"end":{"line":112,"column":41}},"loc":{"start":{"line":112,"column":60},"end":{"line":150,"column":1}},"line":112},"2":{"name":"(anonymous_2)","decl":{"start":{"line":152,"column":42},"end":{"line":152,"column":43}},"loc":{"start":{"line":152,"column":62},"end":{"line":180,"column":1}},"line":152},"3":{"name":"(anonymous_3)","decl":{"start":{"line":182,"column":40},"end":{"line":182,"column":41}},"loc":{"start":{"line":182,"column":60},"end":{"line":207,"column":1}},"line":182},"4":{"name":"(anonymous_4)","decl":{"start":{"line":189,"column":19},"end":{"line":189,"column":20}},"loc":{"start":{"line":189,"column":34},"end":{"line":199,"column":5}},"line":189},"5":{"name":"(anonymous_5)","decl":{"start":{"line":209,"column":34},"end":{"line":209,"column":35}},"loc":{"start":{"line":209,"column":54},"end":{"line":228,"column":1}},"line":209},"6":{"name":"(anonymous_6)","decl":{"start":{"line":225,"column":19},"end":{"line":225,"column":20}},"loc":{"start":{"line":225,"column":27},"end":{"line":225,"column":58}},"line":225},"7":{"name":"(anonymous_7)","decl":{"start":{"line":233,"column":37},"end":{"line":233,"column":38}},"loc":{"start":{"line":233,"column":57},"end":{"line":257,"column":1}},"line":233},"8":{"name":"(anonymous_8)","decl":{"start":{"line":259,"column":37},"end":{"line":259,"column":38}},"loc":{"start":{"line":259,"column":57},"end":{"line":289,"column":1}},"line":259},"9":{"name":"(anonymous_9)","decl":{"start":{"line":291,"column":37},"end":{"line":291,"column":38}},"loc":{"start":{"line":291,"column":57},"end":{"line":306,"column":1}},"line":291},"10":{"name":"(anonymous_10)","decl":{"start":{"line":308,"column":41},"end":{"line":308,"column":42}},"loc":{"start":{"line":308,"column":61},"end":{"line":316,"column":1}},"line":308}},"branchMap":{"0":{"loc":{"start":{"line":13,"column":2},"end":{"line":15,"column":3}},"type":"if","locations":[{"start":{"line":13,"column":2},"end":{"line":15,"column":3}},{"start":{},"end":{}}],"line":13},"1":{"loc":{"start":{"line":24,"column":4},"end":{"line":24,"column":24}},"type":"default-arg","locations":[{"start":{"line":24,"column":13},"end":{"line":24,"column":24}}],"line":24},"2":{"loc":{"start":{"line":28,"column":4},"end":{"line":28,"column":14}},"type":"default-arg","locations":[{"start":{"line":28,"column":12},"end":{"line":28,"column":14}}],"line":28},"3":{"loc":{"start":{"line":29,"column":4},"end":{"line":29,"column":14}},"type":"default-arg","locations":[{"start":{"line":29,"column":13},"end":{"line":29,"column":14}}],"line":29},"4":{"loc":{"start":{"line":30,"column":4},"end":{"line":30,"column":25}},"type":"default-arg","locations":[{"start":{"line":30,"column":11},"end":{"line":30,"column":25}}],"line":30},"5":{"loc":{"start":{"line":34,"column":28},"end":{"line":34,"column":53}},"type":"binary-expr","locations":[{"start":{"line":34,"column":28},"end":{"line":34,"column":47}},{"start":{"line":34,"column":51},"end":{"line":34,"column":53}}],"line":34},"6":{"loc":{"start":{"line":35,"column":29},"end":{"line":35,"column":54}},"type":"binary-expr","locations":[{"start":{"line":35,"column":29},"end":{"line":35,"column":49}},{"start":{"line":35,"column":53},"end":{"line":35,"column":54}}],"line":35},"7":{"loc":{"start":{"line":40,"column":2},"end":{"line":42,"column":3}},"type":"if","locations":[{"start":{"line":40,"column":2},"end":{"line":42,"column":3}},{"start":{},"end":{}}],"line":40},"8":{"loc":{"start":{"line":45,"column":2},"end":{"line":63,"column":3}},"type":"if","locations":[{"start":{"line":45,"column":2},"end":{"line":63,"column":3}},{"start":{},"end":{}}],"line":45},"9":{"loc":{"start":{"line":47,"column":4},"end":{"line":62,"column":5}},"type":"if","locations":[{"start":{"line":47,"column":4},"end":{"line":62,"column":5}},{"start":{"line":49,"column":11},"end":{"line":62,"column":5}}],"line":47},"10":{"loc":{"start":{"line":66,"column":2},"end":{"line":68,"column":3}},"type":"if","locations":[{"start":{"line":66,"column":2},"end":{"line":68,"column":3}},{"start":{},"end":{}}],"line":66},"11":{"loc":{"start":{"line":71,"column":2},"end":{"line":77,"column":3}},"type":"if","locations":[{"start":{"line":71,"column":2},"end":{"line":77,"column":3}},{"start":{},"end":{}}],"line":71},"12":{"loc":{"start":{"line":99,"column":14},"end":{"line":99,"column":32}},"type":"binary-expr","locations":[{"start":{"line":99,"column":14},"end":{"line":99,"column":27}},{"start":{"line":99,"column":31},"end":{"line":99,"column":32}}],"line":99},"13":{"loc":{"start":{"line":114,"column":2},"end":{"line":121,"column":3}},"type":"if","locations":[{"start":{"line":114,"column":2},"end":{"line":121,"column":3}},{"start":{},"end":{}}],"line":114},"14":{"loc":{"start":{"line":135,"column":2},"end":{"line":138,"column":3}},"type":"if","locations":[{"start":{"line":135,"column":2},"end":{"line":138,"column":3}},{"start":{},"end":{}}],"line":135},"15":{"loc":{"start":{"line":154,"column":10},"end":{"line":154,"column":19}},"type":"default-arg","locations":[{"start":{"line":154,"column":18},"end":{"line":154,"column":19}}],"line":154},"16":{"loc":{"start":{"line":156,"column":28},"end":{"line":156,"column":52}},"type":"binary-expr","locations":[{"start":{"line":156,"column":28},"end":{"line":156,"column":47}},{"start":{"line":156,"column":51},"end":{"line":156,"column":52}}],"line":156},"17":{"loc":{"start":{"line":160,"column":2},"end":{"line":162,"column":3}},"type":"if","locations":[{"start":{"line":160,"column":2},"end":{"line":162,"column":3}},{"start":{},"end":{}}],"line":160},"18":{"loc":{"start":{"line":240,"column":2},"end":{"line":242,"column":3}},"type":"if","locations":[{"start":{"line":240,"column":2},"end":{"line":242,"column":3}},{"start":{},"end":{}}],"line":240},"19":{"loc":{"start":{"line":265,"column":2},"end":{"line":267,"column":3}},"type":"if","locations":[{"start":{"line":265,"column":2},"end":{"line":267,"column":3}},{"start":{},"end":{}}],"line":265},"20":{"loc":{"start":{"line":270,"column":2},"end":{"line":277,"column":3}},"type":"if","locations":[{"start":{"line":270,"column":2},"end":{"line":277,"column":3}},{"start":{},"end":{}}],"line":270},"21":{"loc":{"start":{"line":274,"column":4},"end":{"line":276,"column":5}},"type":"if","locations":[{"start":{"line":274,"column":4},"end":{"line":276,"column":5}},{"start":{},"end":{}}],"line":274},"22":{"loc":{"start":{"line":296,"column":2},"end":{"line":298,"column":3}},"type":"if","locations":[{"start":{"line":296,"column":2},"end":{"line":298,"column":3}},{"start":{},"end":{}}],"line":296}},"s":{"0":2,"1":0,"2":0,"3":0,"4":0,"5":0,"6":0,"7":0,"8":0,"9":0,"10":0,"11":0,"12":0,"13":0,"14":0,"15":0,"16":0,"17":0,"18":0,"19":0,"20":0,"21":0,"22":0,"23":0,"24":0,"25":2,"26":0,"27":0,"28":0,"29":0,"30":0,"31":0,"32":0,"33":0,"34":0,"35":0,"36":0,"37":0,"38":2,"39":0,"40":0,"41":0,"42":0,"43":0,"44":0,"45":0,"46":0,"47":2,"48":0,"49":0,"50":0,"51":0,"52":0,"53":2,"54":0,"55":0,"56":0,"57":2,"58":0,"59":0,"60":0,"61":0,"62":0,"63":0,"64":0,"65":2,"66":0,"67":0,"68":0,"69":0,"70":0,"71":0,"72":0,"73":0,"74":0,"75":0,"76":0,"77":0,"78":0,"79":0,"80":2,"81":0,"82":0,"83":0,"84":0,"85":0,"86":0,"87":2,"88":0,"89":0},"f":{"0":0,"1":0,"2":0,"3":0,"4":0,"5":0,"6":0,"7":0,"8":0,"9":0,"10":0},"b":{"0":[0,0],"1":[0],"2":[0],"3":[0],"4":[0],"5":[0,0],"6":[0,0],"7":[0,0],"8":[0,0],"9":[0,0],"10":[0,0],"11":[0,0],"12":[0,0],"13":[0,0],"14":[0,0],"15":[0],"16":[0,0],"17":[0,0],"18":[0,0],"19":[0,0],"20":[0,0],"21":[0,0],"22":[0,0]},"inputSourceMap":null,"_coverageSchema":"1a1c01bbd47fc00a2c39e90264f33305004495a9","hash":"db80939b85c22d72b5a0562949fc852e680d420d"}
,"C:\\ME\\ENW VISA\\enw\\server\\src\\controllers\\partners.controller.js": {"path":"C:\\ME\\ENW VISA\\enw\\server\\src\\controllers\\partners.controller.js","statementMap":{"0":{"start":{"line":4,"column":20},"end":{"line":6,"column":1}},"1":{"start":{"line":5,"column":2},"end":{"line":5,"column":42}},"2":{"start":{"line":9,"column":29},"end":{"line":36,"column":1}},"3":{"start":{"line":10,"column":2},"end":{"line":35,"column":3}},"4":{"start":{"line":12,"column":20},"end":{"line":12,"column":64}},"5":{"start":{"line":14,"column":20},"end":{"line":14,"column":49}},"6":{"start":{"line":16,"column":4},"end":{"line":19,"column":7}},"7":{"start":{"line":21,"column":4},"end":{"line":21,"column":52}},"8":{"start":{"line":23,"column":4},"end":{"line":27,"column":5}},"9":{"start":{"line":24,"column":6},"end":{"line":26,"column":67}},"10":{"start":{"line":28,"column":4},"end":{"line":32,"column":5}},"11":{"start":{"line":29,"column":6},"end":{"line":31,"column":61}},"12":{"start":{"line":34,"column":4},"end":{"line":34,"column":59}}},"fnMap":{"0":{"name":"(anonymous_0)","decl":{"start":{"line":4,"column":20},"end":{"line":4,"column":21}},"loc":{"start":{"line":4,"column":34},"end":{"line":6,"column":1}},"line":4},"1":{"name":"(anonymous_1)","decl":{"start":{"line":9,"column":29},"end":{"line":9,"column":30}},"loc":{"start":{"line":9,"column":49},"end":{"line":36,"column":1}},"line":9}},"branchMap":{"0":{"loc":{"start":{"line":23,"column":4},"end":{"line":27,"column":5}},"type":"if","locations":[{"start":{"line":23,"column":4},"end":{"line":27,"column":5}},{"start":{},"end":{}}],"line":23},"1":{"loc":{"start":{"line":28,"column":4},"end":{"line":32,"column":5}},"type":"if","locations":[{"start":{"line":28,"column":4},"end":{"line":32,"column":5}},{"start":{},"end":{}}],"line":28}},"s":{"0":2,"1":0,"2":2,"3":0,"4":0,"5":0,"6":0,"7":0,"8":0,"9":0,"10":0,"11":0,"12":0},"f":{"0":0,"1":0},"b":{"0":[0,0],"1":[0,0]},"inputSourceMap":null,"_coverageSchema":"1a1c01bbd47fc00a2c39e90264f33305004495a9","hash":"67252618a318fea50f380d53a50cc6884b8cbb0d"}
,"C:\\ME\\ENW VISA\\enw\\server\\src\\controllers\\seniors.controller.js": {"path":"C:\\ME\\ENW VISA\\enw\\server\\src\\controllers\\seniors.controller.js","statementMap":{"0":{"start":{"line":9,"column":14},"end":{"line":9,"column":48}},"1":{"start":{"line":9,"column":23},"end":{"line":9,"column":48}},"2":{"start":{"line":10,"column":17},"end":{"line":11,"column":62}},"3":{"start":{"line":11,"column":2},"end":{"line":11,"column":62}},"4":{"start":{"line":12,"column":17},"end":{"line":15,"column":1}},"5":{"start":{"line":13,"column":12},"end":{"line":13,"column":25}},"6":{"start":{"line":14,"column":2},"end":{"line":14,"column":58}},"7":{"start":{"line":17,"column":36},"end":{"line":88,"column":2}},"8":{"start":{"line":19,"column":18},"end":{"line":19,"column":47}},"9":{"start":{"line":20,"column":2},"end":{"line":20,"column":29}},"10":{"start":{"line":21,"column":2},"end":{"line":87,"column":3}},"11":{"start":{"line":23,"column":19},"end":{"line":23,"column":63}},"12":{"start":{"line":24,"column":22},"end":{"line":24,"column":31}},"13":{"start":{"line":26,"column":4},"end":{"line":26,"column":59}},"14":{"start":{"line":29,"column":27},"end":{"line":39,"column":5}},"15":{"start":{"line":40,"column":19},"end":{"line":40,"column":36}},"16":{"start":{"line":43,"column":4},"end":{"line":43,"column":38}},"17":{"start":{"line":44,"column":4},"end":{"line":44,"column":25}},"18":{"start":{"line":46,"column":4},"end":{"line":54,"column":7}},"19":{"start":{"line":56,"column":4},"end":{"line":56,"column":37}},"20":{"start":{"line":57,"column":4},"end":{"line":57,"column":25}},"21":{"start":{"line":60,"column":4},"end":{"line":70,"column":5}},"22":{"start":{"line":61,"column":20},"end":{"line":61,"column":44}},"23":{"start":{"line":62,"column":20},"end":{"line":62,"column":33}},"24":{"start":{"line":63,"column":6},"end":{"line":69,"column":9}},"25":{"start":{"line":73,"column":4},"end":{"line":84,"column":5}},"26":{"start":{"line":74,"column":21},"end":{"line":74,"column":23}},"27":{"start":{"line":75,"column":6},"end":{"line":77,"column":7}},"28":{"start":{"line":76,"column":8},"end":{"line":76,"column":58}},"29":{"start":{"line":78,"column":6},"end":{"line":83,"column":9}},"30":{"start":{"line":86,"column":4},"end":{"line":86,"column":21}},"31":{"start":{"line":90,"column":34},"end":{"line":112,"column":2}},"32":{"start":{"line":92,"column":16},"end":{"line":95,"column":3}},"33":{"start":{"line":96,"column":17},"end":{"line":96,"column":67}},"34":{"start":{"line":98,"column":21},"end":{"line":98,"column":30}},"35":{"start":{"line":99,"column":17},"end":{"line":99,"column":41}},"36":{"start":{"line":101,"column":24},"end":{"line":109,"column":4}},"37":{"start":{"line":111,"column":2},"end":{"line":111,"column":58}},"38":{"start":{"line":114,"column":37},"end":{"line":124,"column":2}},"39":{"start":{"line":115,"column":17},"end":{"line":115,"column":27}},"40":{"start":{"line":117,"column":18},"end":{"line":119,"column":11}},"41":{"start":{"line":121,"column":2},"end":{"line":121,"column":69}},"42":{"start":{"line":121,"column":16},"end":{"line":121,"column":69}},"43":{"start":{"line":123,"column":2},"end":{"line":123,"column":45}},"44":{"start":{"line":126,"column":35},"end":{"line":159,"column":2}},"45":{"start":{"line":127,"column":17},"end":{"line":127,"column":27}},"46":{"start":{"line":128,"column":21},"end":{"line":128,"column":29}},"47":{"start":{"line":130,"column":24},"end":{"line":136,"column":3}},"48":{"start":{"line":137,"column":2},"end":{"line":138,"column":46}},"49":{"start":{"line":138,"column":4},"end":{"line":138,"column":46}},"50":{"start":{"line":140,"column":17},"end":{"line":143,"column":3}},"51":{"start":{"line":145,"column":18},"end":{"line":148,"column":4}},"52":{"start":{"line":150,"column":2},"end":{"line":150,"column":69}},"53":{"start":{"line":150,"column":16},"end":{"line":150,"column":69}},"54":{"start":{"line":152,"column":2},"end":{"line":152,"column":67}},"55":{"start":{"line":154,"column":2},"end":{"line":158,"column":5}}},"fnMap":{"0":{"name":"(anonymous_0)","decl":{"start":{"line":9,"column":14},"end":{"line":9,"column":15}},"loc":{"start":{"line":9,"column":23},"end":{"line":9,"column":48}},"line":9},"1":{"name":"(anonymous_1)","decl":{"start":{"line":10,"column":17},"end":{"line":10,"column":18}},"loc":{"start":{"line":11,"column":2},"end":{"line":11,"column":62}},"line":11},"2":{"name":"(anonymous_2)","decl":{"start":{"line":12,"column":17},"end":{"line":12,"column":18}},"loc":{"start":{"line":12,"column":26},"end":{"line":15,"column":1}},"line":12},"3":{"name":"(anonymous_3)","decl":{"start":{"line":17,"column":47},"end":{"line":17,"column":48}},"loc":{"start":{"line":17,"column":73},"end":{"line":88,"column":1}},"line":17},"4":{"name":"(anonymous_4)","decl":{"start":{"line":90,"column":45},"end":{"line":90,"column":46}},"loc":{"start":{"line":90,"column":65},"end":{"line":112,"column":1}},"line":90},"5":{"name":"(anonymous_5)","decl":{"start":{"line":114,"column":48},"end":{"line":114,"column":49}},"loc":{"start":{"line":114,"column":68},"end":{"line":124,"column":1}},"line":114},"6":{"name":"(anonymous_6)","decl":{"start":{"line":126,"column":46},"end":{"line":126,"column":47}},"loc":{"start":{"line":126,"column":66},"end":{"line":159,"column":1}},"line":126}},"branchMap":{"0":{"loc":{"start":{"line":9,"column":23},"end":{"line":9,"column":48}},"type":"binary-expr","locations":[{"start":{"line":9,"column":23},"end":{"line":9,"column":26}},{"start":{"line":9,"column":30},"end":{"line":9,"column":48}}],"line":9},"1":{"loc":{"start":{"line":11,"column":2},"end":{"line":11,"column":62}},"type":"cond-expr","locations":[{"start":{"line":11,"column":20},"end":{"line":11,"column":50}},{"start":{"line":11,"column":53},"end":{"line":11,"column":62}}],"line":11},"2":{"loc":{"start":{"line":14,"column":9},"end":{"line":14,"column":57}},"type":"cond-expr","locations":[{"start":{"line":14,"column":30},"end":{"line":14,"column":45}},{"start":{"line":14,"column":48},"end":{"line":14,"column":57}}],"line":14},"3":{"loc":{"start":{"line":14,"column":9},"end":{"line":14,"column":27}},"type":"binary-expr","locations":[{"start":{"line":14,"column":9},"end":{"line":14,"column":10}},{"start":{"line":14,"column":14},"end":{"line":14,"column":27}}],"line":14},"4":{"loc":{"start":{"line":33,"column":23},"end":{"line":33,"column":55}},"type":"binary-expr","locations":[{"start":{"line":33,"column":23},"end":{"line":33,"column":44}},{"start":{"line":33,"column":48},"end":{"line":33,"column":55}}],"line":33},"5":{"loc":{"start":{"line":34,"column":23},"end":{"line":34,"column":75}},"type":"binary-expr","locations":[{"start":{"line":34,"column":23},"end":{"line":34,"column":46}},{"start":{"line":34,"column":50},"end":{"line":34,"column":75}}],"line":34},"6":{"loc":{"start":{"line":60,"column":4},"end":{"line":70,"column":5}},"type":"if","locations":[{"start":{"line":60,"column":4},"end":{"line":70,"column":5}},{"start":{},"end":{}}],"line":60},"7":{"loc":{"start":{"line":61,"column":20},"end":{"line":61,"column":44}},"type":"binary-expr","locations":[{"start":{"line":61,"column":20},"end":{"line":61,"column":33}},{"start":{"line":61,"column":37},"end":{"line":61,"column":44}}],"line":61},"8":{"loc":{"start":{"line":73,"column":4},"end":{"line":84,"column":5}},"type":"if","locations":[{"start":{"line":73,"column":4},"end":{"line":84,"column":5}},{"start":{},"end":{}}],"line":73},"9":{"loc":{"start":{"line":75,"column":50},"end":{"line":75,"column":66}},"type":"binary-expr","locations":[{"start":{"line":75,"column":50},"end":{"line":75,"column":60}},{"start":{"line":75,"column":64},"end":{"line":75,"column":66}}],"line":75},"10":{"loc":{"start":{"line":76,"column":23},"end":{"line":76,"column":57}},"type":"binary-expr","locations":[{"start":{"line":76,"column":23},"end":{"line":76,"column":38}},{"start":{"line":76,"column":42},"end":{"line":76,"column":57}}],"line":76},"11":{"loc":{"start":{"line":93,"column":22},"end":{"line":93,"column":45}},"type":"binary-expr","locations":[{"start":{"line":93,"column":22},"end":{"line":93,"column":37}},{"start":{"line":93,"column":41},"end":{"line":93,"column":45}}],"line":93},"12":{"loc":{"start":{"line":96,"column":35},"end":{"line":96,"column":58}},"type":"binary-expr","locations":[{"start":{"line":96,"column":35},"end":{"line":96,"column":51}},{"start":{"line":96,"column":55},"end":{"line":96,"column":58}}],"line":96},"13":{"loc":{"start":{"line":99,"column":17},"end":{"line":99,"column":41}},"type":"cond-expr","locations":[{"start":{"line":99,"column":26},"end":{"line":99,"column":36}},{"start":{"line":99,"column":39},"end":{"line":99,"column":41}}],"line":99},"14":{"loc":{"start":{"line":121,"column":2},"end":{"line":121,"column":69}},"type":"if","locations":[{"start":{"line":121,"column":2},"end":{"line":121,"column":69}},{"start":{},"end":{}}],"line":121},"15":{"loc":{"start":{"line":137,"column":2},"end":{"line":138,"column":46}},"type":"if","locations":[{"start":{"line":137,"column":2},"end":{"line":138,"column":46}},{"start":{},"end":{}}],"line":137},"16":{"loc":{"start":{"line":142,"column":8},"end":{"line":142,"column":65}},"type":"cond-expr","locations":[{"start":{"line":142,"column":33},"end":{"line":142,"column":60}},{"start":{"line":142,"column":63},"end":{"line":142,"column":65}}],"line":142},"17":{"loc":{"start":{"line":150,"column":2},"end":{"line":150,"column":69}},"type":"if","locations":[{"start":{"line":150,"column":2},"end":{"line":150,"column":69}},{"start":{},"end":{}}],"line":150}},"s":{"0":0,"1":0,"2":0,"3":0,"4":0,"5":0,"6":0,"7":0,"8":0,"9":0,"10":0,"11":0,"12":0,"13":0,"14":0,"15":0,"16":0,"17":0,"18":0,"19":0,"20":0,"21":0,"22":0,"23":0,"24":0,"25":0,"26":0,"27":0,"28":0,"29":0,"30":0,"31":0,"32":0,"33":0,"34":0,"35":0,"36":0,"37":0,"38":0,"39":0,"40":0,"41":0,"42":0,"43":0,"44":0,"45":0,"46":0,"47":0,"48":0,"49":0,"50":0,"51":0,"52":0,"53":0,"54":0,"55":0},"f":{"0":0,"1":0,"2":0,"3":0,"4":0,"5":0,"6":0},"b":{"0":[0,0],"1":[0,0],"2":[0,0],"3":[0,0],"4":[0,0],"5":[0,0],"6":[0,0],"7":[0,0],"8":[0,0],"9":[0,0],"10":[0,0],"11":[0,0],"12":[0,0],"13":[0,0],"14":[0,0],"15":[0,0],"16":[0,0],"17":[0,0]},"inputSourceMap":null}
,"C:\\ME\\ENW VISA\\enw\\server\\src\\controllers\\supportRequest.controller.js": {"path":"C:\\ME\\ENW VISA\\enw\\server\\src\\controllers\\supportRequest.controller.js","statementMap":{"0":{"start":{"line":9,"column":14},"end":{"line":9,"column":48}},"1":{"start":{"line":9,"column":23},"end":{"line":9,"column":48}},"2":{"start":{"line":10,"column":17},"end":{"line":11,"column":62}},"3":{"start":{"line":11,"column":2},"end":{"line":11,"column":62}},"4":{"start":{"line":12,"column":17},"end":{"line":15,"column":1}},"5":{"start":{"line":13,"column":12},"end":{"line":13,"column":25}},"6":{"start":{"line":14,"column":2},"end":{"line":14,"column":58}},"7":{"start":{"line":18,"column":25},"end":{"line":26,"column":1}},"8":{"start":{"line":27,"column":28},"end":{"line":35,"column":2}},"9":{"start":{"line":41,"column":36},"end":{"line":189,"column":2}},"10":{"start":{"line":43,"column":2},"end":{"line":43,"column":40}},"11":{"start":{"line":46,"column":21},"end":{"line":46,"column":52}},"12":{"start":{"line":47,"column":16},"end":{"line":47,"column":20}},"13":{"start":{"line":49,"column":2},"end":{"line":52,"column":3}},"14":{"start":{"line":50,"column":4},"end":{"line":50,"column":44}},"15":{"start":{"line":51,"column":4},"end":{"line":51,"column":31}},"16":{"start":{"line":55,"column":22},"end":{"line":55,"column":79}},"17":{"start":{"line":55,"column":38},"end":{"line":55,"column":78}},"18":{"start":{"line":57,"column":2},"end":{"line":188,"column":3}},"19":{"start":{"line":72,"column":8},"end":{"line":72,"column":16}},"20":{"start":{"line":75,"column":27},"end":{"line":77,"column":5}},"21":{"start":{"line":78,"column":4},"end":{"line":86,"column":5}},"22":{"start":{"line":79,"column":6},"end":{"line":85,"column":9}},"23":{"start":{"line":89,"column":24},"end":{"line":107,"column":5}},"24":{"start":{"line":108,"column":4},"end":{"line":108,"column":59}},"25":{"start":{"line":111,"column":21},"end":{"line":111,"column":39}},"26":{"start":{"line":113,"column":6},"end":{"line":114,"column":71}},"27":{"start":{"line":115,"column":4},"end":{"line":115,"column":69}},"28":{"start":{"line":115,"column":47},"end":{"line":115,"column":69}},"29":{"start":{"line":119,"column":6},"end":{"line":121,"column":31}},"30":{"start":{"line":124,"column":21},"end":{"line":134,"column":5}},"31":{"start":{"line":137,"column":4},"end":{"line":140,"column":5}},"32":{"start":{"line":138,"column":6},"end":{"line":138,"column":40}},"33":{"start":{"line":139,"column":6},"end":{"line":139,"column":29}},"34":{"start":{"line":142,"column":4},"end":{"line":150,"column":7}},"35":{"start":{"line":153,"column":4},"end":{"line":158,"column":5}},"36":{"start":{"line":154,"column":6},"end":{"line":156,"column":16}},"37":{"start":{"line":155,"column":8},"end":{"line":155,"column":41}},"38":{"start":{"line":157,"column":6},"end":{"line":157,"column":29}},"39":{"start":{"line":161,"column":4},"end":{"line":171,"column":5}},"40":{"start":{"line":162,"column":20},"end":{"line":162,"column":44}},"41":{"start":{"line":163,"column":20},"end":{"line":163,"column":33}},"42":{"start":{"line":164,"column":6},"end":{"line":170,"column":9}},"43":{"start":{"line":174,"column":4},"end":{"line":185,"column":5}},"44":{"start":{"line":175,"column":21},"end":{"line":175,"column":23}},"45":{"start":{"line":176,"column":6},"end":{"line":178,"column":7}},"46":{"start":{"line":177,"column":8},"end":{"line":177,"column":58}},"47":{"start":{"line":179,"column":6},"end":{"line":184,"column":9}},"48":{"start":{"line":187,"column":4},"end":{"line":187,"column":21}},"49":{"start":{"line":194,"column":34},"end":{"line":215,"column":2}},"50":{"start":{"line":195,"column":16},"end":{"line":198,"column":3}},"51":{"start":{"line":199,"column":17},"end":{"line":199,"column":67}},"52":{"start":{"line":201,"column":21},"end":{"line":201,"column":30}},"53":{"start":{"line":202,"column":17},"end":{"line":202,"column":41}},"54":{"start":{"line":204,"column":24},"end":{"line":212,"column":4}},"55":{"start":{"line":214,"column":2},"end":{"line":214,"column":58}},"56":{"start":{"line":220,"column":37},"end":{"line":230,"column":2}},"57":{"start":{"line":221,"column":17},"end":{"line":221,"column":27}},"58":{"start":{"line":223,"column":18},"end":{"line":225,"column":11}},"59":{"start":{"line":227,"column":2},"end":{"line":227,"column":69}},"60":{"start":{"line":227,"column":16},"end":{"line":227,"column":69}},"61":{"start":{"line":229,"column":2},"end":{"line":229,"column":45}},"62":{"start":{"line":235,"column":35},"end":{"line":268,"column":2}},"63":{"start":{"line":236,"column":17},"end":{"line":236,"column":27}},"64":{"start":{"line":237,"column":21},"end":{"line":237,"column":29}},"65":{"start":{"line":239,"column":24},"end":{"line":245,"column":3}},"66":{"start":{"line":246,"column":2},"end":{"line":247,"column":46}},"67":{"start":{"line":247,"column":4},"end":{"line":247,"column":46}},"68":{"start":{"line":249,"column":17},"end":{"line":252,"column":3}},"69":{"start":{"line":254,"column":18},"end":{"line":257,"column":4}},"70":{"start":{"line":259,"column":2},"end":{"line":259,"column":69}},"71":{"start":{"line":259,"column":16},"end":{"line":259,"column":69}},"72":{"start":{"line":261,"column":2},"end":{"line":261,"column":67}},"73":{"start":{"line":263,"column":2},"end":{"line":267,"column":5}}},"fnMap":{"0":{"name":"(anonymous_0)","decl":{"start":{"line":9,"column":14},"end":{"line":9,"column":15}},"loc":{"start":{"line":9,"column":23},"end":{"line":9,"column":48}},"line":9},"1":{"name":"(anonymous_1)","decl":{"start":{"line":10,"column":17},"end":{"line":10,"column":18}},"loc":{"start":{"line":11,"column":2},"end":{"line":11,"column":62}},"line":11},"2":{"name":"(anonymous_2)","decl":{"start":{"line":12,"column":17},"end":{"line":12,"column":18}},"loc":{"start":{"line":12,"column":26},"end":{"line":15,"column":1}},"line":12},"3":{"name":"(anonymous_3)","decl":{"start":{"line":41,"column":47},"end":{"line":41,"column":48}},"loc":{"start":{"line":41,"column":73},"end":{"line":189,"column":1}},"line":41},"4":{"name":"(anonymous_4)","decl":{"start":{"line":55,"column":22},"end":{"line":55,"column":23}},"loc":{"start":{"line":55,"column":38},"end":{"line":55,"column":78}},"line":55},"5":{"name":"(anonymous_5)","decl":{"start":{"line":194,"column":45},"end":{"line":194,"column":46}},"loc":{"start":{"line":194,"column":65},"end":{"line":215,"column":1}},"line":194},"6":{"name":"(anonymous_6)","decl":{"start":{"line":220,"column":48},"end":{"line":220,"column":49}},"loc":{"start":{"line":220,"column":68},"end":{"line":230,"column":1}},"line":220},"7":{"name":"(anonymous_7)","decl":{"start":{"line":235,"column":46},"end":{"line":235,"column":47}},"loc":{"start":{"line":235,"column":66},"end":{"line":268,"column":1}},"line":235}},"branchMap":{"0":{"loc":{"start":{"line":9,"column":23},"end":{"line":9,"column":48}},"type":"binary-expr","locations":[{"start":{"line":9,"column":23},"end":{"line":9,"column":26}},{"start":{"line":9,"column":30},"end":{"line":9,"column":48}}],"line":9},"1":{"loc":{"start":{"line":11,"column":2},"end":{"line":11,"column":62}},"type":"cond-expr","locations":[{"start":{"line":11,"column":20},"end":{"line":11,"column":50}},{"start":{"line":11,"column":53},"end":{"line":11,"column":62}}],"line":11},"2":{"loc":{"start":{"line":14,"column":9},"end":{"line":14,"column":57}},"type":"cond-expr","locations":[{"start":{"line":14,"column":30},"end":{"line":14,"column":45}},{"start":{"line":14,"column":48},"end":{"line":14,"column":57}}],"line":14},"3":{"loc":{"start":{"line":14,"column":9},"end":{"line":14,"column":27}},"type":"binary-expr","locations":[{"start":{"line":14,"column":9},"end":{"line":14,"column":10}},{"start":{"line":14,"column":14},"end":{"line":14,"column":27}}],"line":14},"4":{"loc":{"start":{"line":49,"column":2},"end":{"line":52,"column":3}},"type":"if","locations":[{"start":{"line":49,"column":2},"end":{"line":52,"column":3}},{"start":{},"end":{}}],"line":49},"5":{"loc":{"start":{"line":55,"column":23},"end":{"line":55,"column":32}},"type":"default-arg","locations":[{"start":{"line":55,"column":30},"end":{"line":55,"column":32}}],"line":55},"6":{"loc":{"start":{"line":55,"column":38},"end":{"line":55,"column":78}},"type":"cond-expr","locations":[{"start":{"line":55,"column":51},"end":{"line":55,"column":71}},{"start":{"line":55,"column":74},"end":{"line":55,"column":78}}],"line":55},"7":{"loc":{"start":{"line":78,"column":4},"end":{"line":86,"column":5}},"type":"if","locations":[{"start":{"line":78,"column":4},"end":{"line":86,"column":5}},{"start":{},"end":{}}],"line":78},"8":{"loc":{"start":{"line":111,"column":21},"end":{"line":111,"column":39}},"type":"binary-expr","locations":[{"start":{"line":111,"column":21},"end":{"line":111,"column":33}},{"start":{"line":111,"column":37},"end":{"line":111,"column":39}}],"line":111},"9":{"loc":{"start":{"line":113,"column":6},"end":{"line":114,"column":71}},"type":"binary-expr","locations":[{"start":{"line":113,"column":6},"end":{"line":113,"column":32}},{"start":{"line":114,"column":7},"end":{"line":114,"column":70}}],"line":113},"10":{"loc":{"start":{"line":114,"column":7},"end":{"line":114,"column":70}},"type":"cond-expr","locations":[{"start":{"line":114,"column":38},"end":{"line":114,"column":60}},{"start":{"line":114,"column":63},"end":{"line":114,"column":70}}],"line":114},"11":{"loc":{"start":{"line":115,"column":4},"end":{"line":115,"column":69}},"type":"if","locations":[{"start":{"line":115,"column":4},"end":{"line":115,"column":69}},{"start":{},"end":{}}],"line":115},"12":{"loc":{"start":{"line":119,"column":6},"end":{"line":121,"column":31}},"type":"binary-expr","locations":[{"start":{"line":119,"column":7},"end":{"line":119,"column":21}},{"start":{"line":119,"column":25},"end":{"line":119,"column":54}},{"start":{"line":120,"column":7},"end":{"line":120,"column":15}},{"start":{"line":120,"column":19},"end":{"line":120,"column":42}},{"start":{"line":121,"column":6},"end":{"line":121,"column":31}}],"line":119},"13":{"loc":{"start":{"line":137,"column":4},"end":{"line":140,"column":5}},"type":"if","locations":[{"start":{"line":137,"column":4},"end":{"line":140,"column":5}},{"start":{},"end":{}}],"line":137},"14":{"loc":{"start":{"line":153,"column":4},"end":{"line":158,"column":5}},"type":"if","locations":[{"start":{"line":153,"column":4},"end":{"line":158,"column":5}},{"start":{},"end":{}}],"line":153},"15":{"loc":{"start":{"line":153,"column":8},"end":{"line":153,"column":29}},"type":"binary-expr","locations":[{"start":{"line":153,"column":8},"end":{"line":153,"column":18}},{"start":{"line":153,"column":22},"end":{"line":153,"column":29}}],"line":153},"16":{"loc":{"start":{"line":161,"column":4},"end":{"line":171,"column":5}},"type":"if","locations":[{"start":{"line":161,"column":4},"end":{"line":171,"column":5}},{"start":{},"end":{}}],"line":161},"17":{"loc":{"start":{"line":162,"column":20},"end":{"line":162,"column":44}},"type":"binary-expr","locations":[{"start":{"line":162,"column":20},"end":{"line":162,"column":33}},{"start":{"line":162,"column":37},"end":{"line":162,"column":44}}],"line":162},"18":{"loc":{"start":{"line":174,"column":4},"end":{"line":185,"column":5}},"type":"if","locations":[{"start":{"line":174,"column":4},"end":{"line":185,"column":5}},{"start":{},"end":{}}],"line":174},"19":{"loc":{"start":{"line":176,"column":50},"end":{"line":176,"column":66}},"type":"binary-expr","locations":[{"start":{"line":176,"column":50},"end":{"line":176,"column":60}},{"start":{"line":176,"column":64},"end":{"line":176,"column":66}}],"line":176},"20":{"loc":{"start":{"line":177,"column":23},"end":{"line":177,"column":57}},"type":"binary-expr","locations":[{"start":{"line":177,"column":23},"end":{"line":177,"column":38}},{"start":{"line":177,"column":42},"end":{"line":177,"column":57}}],"line":177},"21":{"loc":{"start":{"line":196,"column":22},"end":{"line":196,"column":45}},"type":"binary-expr","locations":[{"start":{"line":196,"column":22},"end":{"line":196,"column":37}},{"start":{"line":196,"column":41},"end":{"line":196,"column":45}}],"line":196},"22":{"loc":{"start":{"line":199,"column":35},"end":{"line":199,"column":58}},"type":"binary-expr","locations":[{"start":{"line":199,"column":35},"end":{"line":199,"column":51}},{"start":{"line":199,"column":55},"end":{"line":199,"column":58}}],"line":199},"23":{"loc":{"start":{"line":202,"column":17},"end":{"line":202,"column":41}},"type":"cond-expr","locations":[{"start":{"line":202,"column":26},"end":{"line":202,"column":36}},{"start":{"line":202,"column":39},"end":{"line":202,"column":41}}],"line":202},"24":{"loc":{"start":{"line":227,"column":2},"end":{"line":227,"column":69}},"type":"if","locations":[{"start":{"line":227,"column":2},"end":{"line":227,"column":69}},{"start":{},"end":{}}],"line":227},"25":{"loc":{"start":{"line":246,"column":2},"end":{"line":247,"column":46}},"type":"if","locations":[{"start":{"line":246,"column":2},"end":{"line":247,"column":46}},{"start":{},"end":{}}],"line":246},"26":{"loc":{"start":{"line":251,"column":8},"end":{"line":251,"column":65}},"type":"cond-expr","locations":[{"start":{"line":251,"column":33},"end":{"line":251,"column":60}},{"start":{"line":251,"column":63},"end":{"line":251,"column":65}}],"line":251},"27":{"loc":{"start":{"line":259,"column":2},"end":{"line":259,"column":69}},"type":"if","locations":[{"start":{"line":259,"column":2},"end":{"line":259,"column":69}},{"start":{},"end":{}}],"line":259}},"s":{"0":2,"1":0,"2":2,"3":0,"4":2,"5":0,"6":0,"7":2,"8":2,"9":2,"10":4,"11":4,"12":4,"13":4,"14":0,"15":0,"16":4,"17":10,"18":4,"19":4,"20":4,"21":4,"22":1,"23":3,"24":3,"25":3,"26":3,"27":3,"28":0,"29":3,"30":3,"31":3,"32":0,"33":0,"34":3,"35":0,"36":0,"37":0,"38":0,"39":0,"40":0,"41":0,"42":0,"43":0,"44":0,"45":0,"46":0,"47":0,"48":0,"49":2,"50":1,"51":1,"52":1,"53":1,"54":1,"55":1,"56":2,"57":0,"58":0,"59":0,"60":0,"61":0,"62":2,"63":1,"64":1,"65":1,"66":1,"67":0,"68":1,"69":1,"70":1,"71":0,"72":1,"73":1},"f":{"0":0,"1":0,"2":0,"3":4,"4":10,"5":1,"6":0,"7":1},"b":{"0":[0,0],"1":[0,0],"2":[0,0],"3":[0,0],"4":[0,4],"5":[10],"6":[0,10],"7":[1,3],"8":[3,0],"9":[3,3],"10":[3,0],"11":[0,3],"12":[3,1,2,2,0],"13":[0,3],"14":[0,0],"15":[0,0],"16":[0,0],"17":[0,0],"18":[0,0],"19":[0,0],"20":[0,0],"21":[1,1],"22":[1,1],"23":[0,1],"24":[0,0],"25":[0,1],"26":[1,0],"27":[0,1]},"inputSourceMap":null,"_coverageSchema":"1a1c01bbd47fc00a2c39e90264f33305004495a9","hash":"8cc9c759452efad92fdd4adbbf662e21ff1e8b7f"}
,"C:\\ME\\ENW VISA\\enw\\server\\src\\controllers\\volunteers.controller.js": {"path":"C:\\ME\\ENW VISA\\enw\\server\\src\\controllers\\volunteers.controller.js","statementMap":{"0":{"start":{"line":9,"column":2},"end":{"line":36,"column":3}},"1":{"start":{"line":10,"column":16},"end":{"line":10,"column":48}},"2":{"start":{"line":11,"column":4},"end":{"line":11,"column":47}},"3":{"start":{"line":14,"column":4},"end":{"line":22,"column":5}},"4":{"start":{"line":15,"column":41},"end":{"line":15,"column":65}},"5":{"start":{"line":16,"column":6},"end":{"line":21,"column":9}},"6":{"start":{"line":25,"column":14},"end":{"line":25,"column":41}},"7":{"start":{"line":26,"column":4},"end":{"line":32,"column":5}},"8":{"start":{"line":27,"column":6},"end":{"line":31,"column":9}},"9":{"start":{"line":35,"column":4},"end":{"line":35,"column":21}},"10":{"start":{"line":40,"column":20},"end":{"line":42,"column":1}},"11":{"start":{"line":41,"column":2},"end":{"line":41,"column":64}}},"fnMap":{"0":{"name":"createVolunteer","decl":{"start":{"line":8,"column":22},"end":{"line":8,"column":37}},"loc":{"start":{"line":8,"column":54},"end":{"line":37,"column":1}},"line":8},"1":{"name":"(anonymous_1)","decl":{"start":{"line":40,"column":20},"end":{"line":40,"column":21}},"loc":{"start":{"line":40,"column":34},"end":{"line":42,"column":1}},"line":40}},"branchMap":{"0":{"loc":{"start":{"line":14,"column":4},"end":{"line":22,"column":5}},"type":"if","locations":[{"start":{"line":14,"column":4},"end":{"line":22,"column":5}},{"start":{},"end":{}}],"line":14},"1":{"loc":{"start":{"line":15,"column":14},"end":{"line":15,"column":29}},"type":"default-arg","locations":[{"start":{"line":15,"column":22},"end":{"line":15,"column":29}}],"line":15},"2":{"loc":{"start":{"line":26,"column":4},"end":{"line":32,"column":5}},"type":"if","locations":[{"start":{"line":26,"column":4},"end":{"line":32,"column":5}},{"start":{},"end":{}}],"line":26}},"s":{"0":1,"1":1,"2":1,"3":0,"4":0,"5":0,"6":0,"7":0,"8":0,"9":0,"10":2,"11":0},"f":{"0":1,"1":0},"b":{"0":[0,0],"1":[0],"2":[0,0]},"inputSourceMap":null,"_coverageSchema":"1a1c01bbd47fc00a2c39e90264f33305004495a9","hash":"4e08d23ea3904f19b8719592b143f145dd262c4e"}
,"C:\\ME\\ENW VISA\\enw\\server\\src\\middleware\\auth.js": {"path":"C:\\ME\\ENW VISA\\enw\\server\\src\\middleware\\auth.js","statementMap":{"0":{"start":{"line":2,"column":29},"end":{"line":9,"column":1}},"1":{"start":{"line":3,"column":14},"end":{"line":3,"column":37}},"2":{"start":{"line":4,"column":19},"end":{"line":4,"column":38}},"3":{"start":{"line":5,"column":2},"end":{"line":7,"column":3}},"4":{"start":{"line":6,"column":4},"end":{"line":6,"column":77}},"5":{"start":{"line":8,"column":2},"end":{"line":8,"column":9}}},"fnMap":{"0":{"name":"(anonymous_0)","decl":{"start":{"line":2,"column":29},"end":{"line":2,"column":30}},"loc":{"start":{"line":2,"column":49},"end":{"line":9,"column":1}},"line":2}},"branchMap":{"0":{"loc":{"start":{"line":5,"column":2},"end":{"line":7,"column":3}},"type":"if","locations":[{"start":{"line":5,"column":2},"end":{"line":7,"column":3}},{"start":{},"end":{}}],"line":5},"1":{"loc":{"start":{"line":5,"column":6},"end":{"line":5,"column":34}},"type":"binary-expr","locations":[{"start":{"line":5,"column":6},"end":{"line":5,"column":14}},{"start":{"line":5,"column":18},"end":{"line":5,"column":34}}],"line":5}},"s":{"0":0,"1":0,"2":0,"3":0,"4":0,"5":0},"f":{"0":0},"b":{"0":[0,0],"1":[0,0]},"inputSourceMap":null}
,"C:\\ME\\ENW VISA\\enw\\server\\src\\middleware\\errorHandler.js": {"path":"C:\\ME\\ENW VISA\\enw\\server\\src\\middleware\\errorHandler.js","statementMap":{"0":{"start":{"line":5,"column":4},"end":{"line":5,"column":19}},"1":{"start":{"line":6,"column":4},"end":{"line":6,"column":33}},"2":{"start":{"line":7,"column":4},"end":{"line":7,"column":39}},"3":{"start":{"line":8,"column":4},"end":{"line":8,"column":69}},"4":{"start":{"line":10,"column":4},"end":{"line":10,"column":52}},"5":{"start":{"line":14,"column":28},"end":{"line":39,"column":1}},"6":{"start":{"line":15,"column":38},"end":{"line":15,"column":41}},"7":{"start":{"line":18,"column":2},"end":{"line":23,"column":5}},"8":{"start":{"line":26,"column":2},"end":{"line":29,"column":3}},"9":{"start":{"line":27,"column":4},"end":{"line":27,"column":21}},"10":{"start":{"line":28,"column":4},"end":{"line":28,"column":38}},"11":{"start":{"line":31,"column":2},"end":{"line":38,"column":5}},"12":{"start":{"line":41,"column":26},"end":{"line":45,"column":1}},"13":{"start":{"line":42,"column":2},"end":{"line":44,"column":4}},"14":{"start":{"line":43,"column":4},"end":{"line":43,"column":52}}},"fnMap":{"0":{"name":"(anonymous_0)","decl":{"start":{"line":4,"column":2},"end":{"line":4,"column":3}},"loc":{"start":{"line":4,"column":63},"end":{"line":11,"column":3}},"line":4},"1":{"name":"(anonymous_1)","decl":{"start":{"line":14,"column":28},"end":{"line":14,"column":29}},"loc":{"start":{"line":14,"column":53},"end":{"line":39,"column":1}},"line":14},"2":{"name":"(anonymous_2)","decl":{"start":{"line":41,"column":26},"end":{"line":41,"column":27}},"loc":{"start":{"line":41,"column":34},"end":{"line":45,"column":1}},"line":41},"3":{"name":"(anonymous_3)","decl":{"start":{"line":42,"column":9},"end":{"line":42,"column":10}},"loc":{"start":{"line":42,"column":29},"end":{"line":44,"column":3}},"line":42}},"branchMap":{"0":{"loc":{"start":{"line":4,"column":23},"end":{"line":4,"column":39}},"type":"default-arg","locations":[{"start":{"line":4,"column":36},"end":{"line":4,"column":39}}],"line":4},"1":{"loc":{"start":{"line":4,"column":41},"end":{"line":4,"column":61}},"type":"default-arg","locations":[{"start":{"line":4,"column":57},"end":{"line":4,"column":61}}],"line":4},"2":{"loc":{"start":{"line":8,"column":18},"end":{"line":8,"column":68}},"type":"cond-expr","locations":[{"start":{"line":8,"column":52},"end":{"line":8,"column":58}},{"start":{"line":8,"column":61},"end":{"line":8,"column":68}}],"line":8},"3":{"loc":{"start":{"line":15,"column":8},"end":{"line":15,"column":24}},"type":"default-arg","locations":[{"start":{"line":15,"column":21},"end":{"line":15,"column":24}}],"line":15},"4":{"loc":{"start":{"line":26,"column":2},"end":{"line":29,"column":3}},"type":"if","locations":[{"start":{"line":26,"column":2},"end":{"line":29,"column":3}},{"start":{},"end":{}}],"line":26},"5":{"loc":{"start":{"line":26,"column":6},"end":{"line":26,"column":65}},"type":"binary-expr","locations":[{"start":{"line":26,"column":6},"end":{"line":26,"column":43}},{"start":{"line":26,"column":47},"end":{"line":26,"column":65}}],"line":26},"6":{"loc":{"start":{"line":36,"column":10},"end":{"line":36,"column":72}},"type":"binary-expr","locations":[{"start":{"line":36,"column":10},"end":{"line":36,"column":48}},{"start":{"line":36,"column":52},"end":{"line":36,"column":72}}],"line":36}},"s":{"0":0,"1":0,"2":0,"3":0,"4":0,"5":2,"6":0,"7":0,"8":0,"9":0,"10":0,"11":0,"12":2,"13":26,"14":6},"f":{"0":0,"1":0,"2":26,"3":6},"b":{"0":[0],"1":[0],"2":[0,0],"3":[0],"4":[0,0],"5":[0,0],"6":[0,0]},"inputSourceMap":null,"_coverageSchema":"1a1c01bbd47fc00a2c39e90264f33305004495a9","hash":"2acf6bfcb0ebecee895b7c90ff8604e268178958"}
,"C:\\ME\\ENW VISA\\enw\\server\\src\\middleware\\validation.js": {"path":"C:\\ME\\ENW VISA\\enw\\server\\src\\middleware\\validation.js","statementMap":{"0":{"start":{"line":4,"column":2},"end":{"line":28,"column":3}},"1":{"start":{"line":5,"column":19},"end":{"line":5,"column":40}},"2":{"start":{"line":7,"column":4},"end":{"line":19,"column":5}},"3":{"start":{"line":8,"column":21},"end":{"line":13,"column":9}},"4":{"start":{"line":8,"column":48},"end":{"line":13,"column":7}},"5":{"start":{"line":14,"column":6},"end":{"line":18,"column":9}},"6":{"start":{"line":21,"column":4},"end":{"line":21,"column":18}},"7":{"start":{"line":23,"column":4},"end":{"line":27,"column":7}}},"fnMap":{"0":{"name":"validate","decl":{"start":{"line":3,"column":16},"end":{"line":3,"column":24}},"loc":{"start":{"line":3,"column":41},"end":{"line":29,"column":1}},"line":3},"1":{"name":"(anonymous_1)","decl":{"start":{"line":8,"column":40},"end":{"line":8,"column":41}},"loc":{"start":{"line":8,"column":48},"end":{"line":13,"column":7}},"line":8}},"branchMap":{"0":{"loc":{"start":{"line":7,"column":4},"end":{"line":19,"column":5}},"type":"if","locations":[{"start":{"line":7,"column":4},"end":{"line":19,"column":5}},{"start":{},"end":{}}],"line":7},"1":{"loc":{"start":{"line":26,"column":13},"end":{"line":26,"column":40}},"type":"binary-expr","locations":[{"start":{"line":26,"column":13},"end":{"line":26,"column":25}},{"start":{"line":26,"column":29},"end":{"line":26,"column":40}}],"line":26}},"s":{"0":5,"1":5,"2":5,"3":0,"4":0,"5":0,"6":5,"7":0},"f":{"0":5,"1":0},"b":{"0":[0,5],"1":[0,0]},"inputSourceMap":null,"_coverageSchema":"1a1c01bbd47fc00a2c39e90264f33305004495a9","hash":"efecefa4beae4b04208ea0541d4c67d6128f7be2"}
,"C:\\ME\\ENW VISA\\enw\\server\\src\\models\\blogCategory.model.js": {"path":"C:\\ME\\ENW VISA\\enw\\server\\src\\models\\blogCategory.model.js","statementMap":{"0":{"start":{"line":4,"column":27},"end":{"line":30,"column":1}},"1":{"start":{"line":32,"column":0},"end":{"line":37,"column":3}},"2":{"start":{"line":33,"column":2},"end":{"line":35,"column":3}},"3":{"start":{"line":34,"column":4},"end":{"line":34,"column":66}},"4":{"start":{"line":36,"column":2},"end":{"line":36,"column":9}}},"fnMap":{"0":{"name":"(anonymous_0)","decl":{"start":{"line":32,"column":31},"end":{"line":32,"column":32}},"loc":{"start":{"line":32,"column":47},"end":{"line":37,"column":1}},"line":32}},"branchMap":{"0":{"loc":{"start":{"line":33,"column":2},"end":{"line":35,"column":3}},"type":"if","locations":[{"start":{"line":33,"column":2},"end":{"line":35,"column":3}},{"start":{},"end":{}}],"line":33},"1":{"loc":{"start":{"line":33,"column":6},"end":{"line":33,"column":29}},"type":"binary-expr","locations":[{"start":{"line":33,"column":6},"end":{"line":33,"column":16}},{"start":{"line":33,"column":20},"end":{"line":33,"column":29}}],"line":33}},"s":{"0":2,"1":2,"2":0,"3":0,"4":0},"f":{"0":0},"b":{"0":[0,0],"1":[0,0]},"inputSourceMap":null,"_coverageSchema":"1a1c01bbd47fc00a2c39e90264f33305004495a9","hash":"1e3d74f80ff4113ff391f3ae60d93e36f69bb397"}
,"C:\\ME\\ENW VISA\\enw\\server\\src\\models\\blogPost.model.js": {"path":"C:\\ME\\ENW VISA\\enw\\server\\src\\models\\blogPost.model.js","statementMap":{"0":{"start":{"line":4,"column":23},"end":{"line":74,"column":1}},"1":{"start":{"line":77,"column":0},"end":{"line":104,"column":3}},"2":{"start":{"line":78,"column":2},"end":{"line":90,"column":3}},"3":{"start":{"line":79,"column":4},"end":{"line":79,"column":67}},"4":{"start":{"line":82,"column":25},"end":{"line":85,"column":6}},"5":{"start":{"line":87,"column":4},"end":{"line":89,"column":5}},"6":{"start":{"line":88,"column":6},"end":{"line":88,"column":47}},"7":{"start":{"line":93,"column":2},"end":{"line":96,"column":3}},"8":{"start":{"line":94,"column":22},"end":{"line":94,"column":54}},"9":{"start":{"line":95,"column":4},"end":{"line":95,"column":50}},"10":{"start":{"line":99,"column":2},"end":{"line":101,"column":3}},"11":{"start":{"line":100,"column":4},"end":{"line":100,"column":34}},"12":{"start":{"line":103,"column":2},"end":{"line":103,"column":9}},"13":{"start":{"line":107,"column":0},"end":{"line":107,"column":53}},"14":{"start":{"line":108,"column":0},"end":{"line":108,"column":34}},"15":{"start":{"line":109,"column":0},"end":{"line":109,"column":43}}},"fnMap":{"0":{"name":"(anonymous_0)","decl":{"start":{"line":77,"column":27},"end":{"line":77,"column":28}},"loc":{"start":{"line":77,"column":49},"end":{"line":104,"column":1}},"line":77}},"branchMap":{"0":{"loc":{"start":{"line":78,"column":2},"end":{"line":90,"column":3}},"type":"if","locations":[{"start":{"line":78,"column":2},"end":{"line":90,"column":3}},{"start":{},"end":{}}],"line":78},"1":{"loc":{"start":{"line":78,"column":6},"end":{"line":78,"column":30}},"type":"binary-expr","locations":[{"start":{"line":78,"column":6},"end":{"line":78,"column":16}},{"start":{"line":78,"column":20},"end":{"line":78,"column":30}}],"line":78},"2":{"loc":{"start":{"line":87,"column":4},"end":{"line":89,"column":5}},"type":"if","locations":[{"start":{"line":87,"column":4},"end":{"line":89,"column":5}},{"start":{},"end":{}}],"line":87},"3":{"loc":{"start":{"line":93,"column":2},"end":{"line":96,"column":3}},"type":"if","locations":[{"start":{"line":93,"column":2},"end":{"line":96,"column":3}},{"start":{},"end":{}}],"line":93},"4":{"loc":{"start":{"line":99,"column":2},"end":{"line":101,"column":3}},"type":"if","locations":[{"start":{"line":99,"column":2},"end":{"line":101,"column":3}},{"start":{},"end":{}}],"line":99},"5":{"loc":{"start":{"line":99,"column":6},"end":{"line":99,"column":54}},"type":"binary-expr","locations":[{"start":{"line":99,"column":6},"end":{"line":99,"column":33}},{"start":{"line":99,"column":37},"end":{"line":99,"column":54}}],"line":99}},"s":{"0":2,"1":2,"2":0,"3":0,"4":0,"5":0,"6":0,"7":0,"8":0,"9":0,"10":0,"11":0,"12":0,"13":2,"14":2,"15":2},"f":{"0":0},"b":{"0":[0,0],"1":[0,0],"2":[0,0],"3":[0,0],"4":[0,0],"5":[0,0]},"inputSourceMap":null,"_coverageSchema":"1a1c01bbd47fc00a2c39e90264f33305004495a9","hash":"ca16c16a572449568e3d1e3fa26e92a1f92713e5"}
,"C:\\ME\\ENW VISA\\enw\\server\\src\\models\\partner.model.js": {"path":"C:\\ME\\ENW VISA\\enw\\server\\src\\models\\partner.model.js","statementMap":{"0":{"start":{"line":3,"column":22},"end":{"line":102,"column":1}},"1":{"start":{"line":89,"column":26},"end":{"line":89,"column":36}}},"fnMap":{"0":{"name":"(anonymous_0)","decl":{"start":{"line":89,"column":19},"end":{"line":89,"column":20}},"loc":{"start":{"line":89,"column":26},"end":{"line":89,"column":36}},"line":89}},"branchMap":{},"s":{"0":2,"1":0},"f":{"0":0},"b":{},"inputSourceMap":null,"_coverageSchema":"1a1c01bbd47fc00a2c39e90264f33305004495a9","hash":"a654f6e86d1a8b2826ef2f85bfd8b1adfeba96ca"}
,"C:\\ME\\ENW VISA\\enw\\server\\src\\models\\senior.model.js": {"path":"C:\\ME\\ENW VISA\\enw\\server\\src\\models\\senior.model.js","statementMap":{"0":{"start":{"line":3,"column":21},"end":{"line":58,"column":1}},"1":{"start":{"line":61,"column":0},"end":{"line":61,"column":51}},"2":{"start":{"line":62,"column":0},"end":{"line":62,"column":38}}},"fnMap":{},"branchMap":{},"s":{"0":2,"1":2,"2":2},"f":{},"b":{},"inputSourceMap":null,"_coverageSchema":"1a1c01bbd47fc00a2c39e90264f33305004495a9","hash":"ffaa9abc3a9973db50de2e51b85ce2cecdd4a000"}
,"C:\\ME\\ENW VISA\\enw\\server\\src\\models\\supportRequest.model.js": {"path":"C:\\ME\\ENW VISA\\enw\\server\\src\\models\\supportRequest.model.js","statementMap":{"0":{"start":{"line":2,"column":21},"end":{"line":2,"column":42}},"1":{"start":{"line":4,"column":29},"end":{"line":48,"column":1}},"2":{"start":{"line":51,"column":0},"end":{"line":51,"column":55}},"3":{"start":{"line":52,"column":0},"end":{"line":52,"column":57}}},"fnMap":{},"branchMap":{},"s":{"0":2,"1":2,"2":2,"3":2},"f":{},"b":{},"inputSourceMap":null,"_coverageSchema":"1a1c01bbd47fc00a2c39e90264f33305004495a9","hash":"7f617f40fe176c3357c866effa30ee484d1c48e9"}
,"C:\\ME\\ENW VISA\\enw\\server\\src\\models\\task.model.js": {"path":"C:\\ME\\ENW VISA\\enw\\server\\src\\models\\task.model.js","statementMap":{"0":{"start":{"line":2,"column":21},"end":{"line":2,"column":42}},"1":{"start":{"line":4,"column":19},"end":{"line":43,"column":1}},"2":{"start":{"line":46,"column":0},"end":{"line":46,"column":46}},"3":{"start":{"line":47,"column":0},"end":{"line":47,"column":55}}},"fnMap":{},"branchMap":{},"s":{"0":0,"1":0,"2":0,"3":0},"f":{},"b":{},"inputSourceMap":null}
,"C:\\ME\\ENW VISA\\enw\\server\\src\\models\\volunteer.model.js": {"path":"C:\\ME\\ENW VISA\\enw\\server\\src\\models\\volunteer.model.js","statementMap":{"0":{"start":{"line":3,"column":24},"end":{"line":87,"column":1}},"1":{"start":{"line":90,"column":0},"end":{"line":90,"column":54}},"2":{"start":{"line":91,"column":0},"end":{"line":91,"column":37}},"3":{"start":{"line":92,"column":0},"end":{"line":92,"column":41}}},"fnMap":{},"branchMap":{},"s":{"0":2,"1":2,"2":2,"3":2},"f":{},"b":{},"inputSourceMap":null,"_coverageSchema":"1a1c01bbd47fc00a2c39e90264f33305004495a9","hash":"560cc9be684b29807da73d89d60afe45e631b92d"}
,"C:\\ME\\ENW VISA\\enw\\server\\src\\models\\volunteerAssignment.model.js": {"path":"C:\\ME\\ENW VISA\\enw\\server\\src\\models\\volunteerAssignment.model.js","statementMap":{"0":{"start":{"line":2,"column":21},"end":{"line":2,"column":42}},"1":{"start":{"line":4,"column":34},"end":{"line":37,"column":1}},"2":{"start":{"line":40,"column":0},"end":{"line":43,"column":2}}},"fnMap":{},"branchMap":{},"s":{"0":1,"1":1,"2":1},"f":{},"b":{},"inputSourceMap":null,"_coverageSchema":"1a1c01bbd47fc00a2c39e90264f33305004495a9","hash":"f53ba340c04f5736ec76008ddfaa27233f742c7a"}
,"C:\\ME\\ENW VISA\\enw\\server\\src\\routes\\blog.routes.js": {"path":"C:\\ME\\ENW VISA\\enw\\server\\src\\routes\\blog.routes.js","statementMap":{"0":{"start":{"line":7,"column":15},"end":{"line":7,"column":23}},"1":{"start":{"line":10,"column":0},"end":{"line":18,"column":2}},"2":{"start":{"line":20,"column":0},"end":{"line":25,"column":2}},"3":{"start":{"line":27,"column":0},"end":{"line":32,"column":2}},"4":{"start":{"line":34,"column":0},"end":{"line":34,"column":56}},"5":{"start":{"line":35,"column":0},"end":{"line":35,"column":44}},"6":{"start":{"line":38,"column":0},"end":{"line":47,"column":2}},"7":{"start":{"line":49,"column":0},"end":{"line":58,"column":2}},"8":{"start":{"line":60,"column":0},"end":{"line":65,"column":2}},"9":{"start":{"line":67,"column":0},"end":{"line":72,"column":2}},"10":{"start":{"line":75,"column":0},"end":{"line":77,"column":3}},"11":{"start":{"line":76,"column":2},"end":{"line":76,"column":68}}},"fnMap":{"0":{"name":"(anonymous_0)","decl":{"start":{"line":75,"column":26},"end":{"line":75,"column":27}},"loc":{"start":{"line":75,"column":40},"end":{"line":77,"column":1}},"line":75}},"branchMap":{},"s":{"0":2,"1":2,"2":2,"3":2,"4":2,"5":2,"6":2,"7":2,"8":2,"9":2,"10":2,"11":0},"f":{"0":0},"b":{},"inputSourceMap":null,"_coverageSchema":"1a1c01bbd47fc00a2c39e90264f33305004495a9","hash":"d3af7fd53cab9aa6929ce9d988518f8a85336884"}
,"C:\\ME\\ENW VISA\\enw\\server\\src\\routes\\index.js": {"path":"C:\\ME\\ENW VISA\\enw\\server\\src\\routes\\index.js","statementMap":{"0":{"start":{"line":7,"column":15},"end":{"line":7,"column":23}},"1":{"start":{"line":10,"column":0},"end":{"line":21,"column":3}},"2":{"start":{"line":11,"column":2},"end":{"line":20,"column":5}},"3":{"start":{"line":24,"column":0},"end":{"line":24,"column":38}},"4":{"start":{"line":25,"column":0},"end":{"line":25,"column":44}},"5":{"start":{"line":26,"column":0},"end":{"line":26,"column":40}},"6":{"start":{"line":27,"column":0},"end":{"line":27,"column":32}}},"fnMap":{"0":{"name":"(anonymous_0)","decl":{"start":{"line":10,"column":16},"end":{"line":10,"column":17}},"loc":{"start":{"line":10,"column":30},"end":{"line":21,"column":1}},"line":10}},"branchMap":{},"s":{"0":2,"1":2,"2":0,"3":2,"4":2,"5":2,"6":2},"f":{"0":0},"b":{},"inputSourceMap":null,"_coverageSchema":"1a1c01bbd47fc00a2c39e90264f33305004495a9","hash":"20d944ded019926f4fe0eda091d0b3b0c5799263"}
,"C:\\ME\\ENW VISA\\enw\\server\\src\\routes\\partners.routes.js": {"path":"C:\\ME\\ENW VISA\\enw\\server\\src\\routes\\partners.routes.js","statementMap":{"0":{"start":{"line":4,"column":15},"end":{"line":4,"column":23}},"1":{"start":{"line":6,"column":0},"end":{"line":6,"column":26}},"2":{"start":{"line":7,"column":0},"end":{"line":7,"column":32}}},"fnMap":{},"branchMap":{},"s":{"0":2,"1":2,"2":2},"f":{},"b":{},"inputSourceMap":null,"_coverageSchema":"1a1c01bbd47fc00a2c39e90264f33305004495a9","hash":"bbcd5a5c6bee2da560986366278cb39d105b3c0c"}
,"C:\\ME\\ENW VISA\\enw\\server\\src\\routes\\seniors.routes.js": {"path":"C:\\ME\\ENW VISA\\enw\\server\\src\\routes\\seniors.routes.js","statementMap":{"0":{"start":{"line":8,"column":15},"end":{"line":8,"column":23}},"1":{"start":{"line":16,"column":33},"end":{"line":55,"column":1}},"2":{"start":{"line":53,"column":19},"end":{"line":53,"column":29}},"3":{"start":{"line":60,"column":0},"end":{"line":65,"column":2}},"4":{"start":{"line":66,"column":0},"end":{"line":71,"column":2}},"5":{"start":{"line":74,"column":0},"end":{"line":74,"column":70}},"6":{"start":{"line":77,"column":0},"end":{"line":82,"column":2}},"7":{"start":{"line":85,"column":0},"end":{"line":90,"column":2}},"8":{"start":{"line":93,"column":0},"end":{"line":98,"column":2}}},"fnMap":{"0":{"name":"(anonymous_0)","decl":{"start":{"line":53,"column":12},"end":{"line":53,"column":13}},"loc":{"start":{"line":53,"column":19},"end":{"line":53,"column":29}},"line":53}},"branchMap":{},"s":{"0":2,"1":2,"2":4,"3":2,"4":2,"5":2,"6":2,"7":2,"8":2},"f":{"0":4},"b":{},"inputSourceMap":null,"_coverageSchema":"1a1c01bbd47fc00a2c39e90264f33305004495a9","hash":"398585f63711aa8817d960616e4c033a3b305a03"}
,"C:\\ME\\ENW VISA\\enw\\server\\src\\routes\\volunteers.routes.js": {"path":"C:\\ME\\ENW VISA\\enw\\server\\src\\routes\\volunteers.routes.js","statementMap":{"0":{"start":{"line":4,"column":15},"end":{"line":4,"column":23}},"1":{"start":{"line":7,"column":0},"end":{"line":7,"column":26}},"2":{"start":{"line":10,"column":0},"end":{"line":10,"column":34}},"3":{"start":{"line":13,"column":0},"end":{"line":13,"column":46}}},"fnMap":{},"branchMap":{},"s":{"0":2,"1":2,"2":2,"3":2},"f":{},"b":{},"inputSourceMap":null,"_coverageSchema":"1a1c01bbd47fc00a2c39e90264f33305004495a9","hash":"387330fb153c1e0d47970dfae8e868c98745cc62"}
,"C:\\ME\\ENW VISA\\enw\\server\\src\\services\\email.service.js": {"path":"C:\\ME\\ENW VISA\\enw\\server\\src\\services\\email.service.js","statementMap":{"0":{"start":{"line":2,"column":18},"end":{"line":5,"column":1}},"1":{"start":{"line":3,"column":2},"end":{"line":3,"column":64}},"2":{"start":{"line":4,"column":2},"end":{"line":4,"column":27}}},"fnMap":{"0":{"name":"(anonymous_0)","decl":{"start":{"line":2,"column":18},"end":{"line":2,"column":19}},"loc":{"start":{"line":2,"column":57},"end":{"line":5,"column":1}},"line":2}},"branchMap":{},"s":{"0":0,"1":0,"2":0},"f":{"0":0},"b":{},"inputSourceMap":null}
,"C:\\ME\\ENW VISA\\enw\\server\\src\\utils\\logger.js": {"path":"C:\\ME\\ENW VISA\\enw\\server\\src\\utils\\logger.js","statementMap":{"0":{"start":{"line":2,"column":18},"end":{"line":2,"column":45}},"1":{"start":{"line":3,"column":18},"end":{"line":3,"column":46}},"2":{"start":{"line":4,"column":19},"end":{"line":4,"column":49}}},"fnMap":{"0":{"name":"(anonymous_0)","decl":{"start":{"line":2,"column":8},"end":{"line":2,"column":9}},"loc":{"start":{"line":2,"column":18},"end":{"line":2,"column":45}},"line":2},"1":{"name":"(anonymous_1)","decl":{"start":{"line":3,"column":8},"end":{"line":3,"column":9}},"loc":{"start":{"line":3,"column":18},"end":{"line":3,"column":46}},"line":3},"2":{"name":"(anonymous_2)","decl":{"start":{"line":4,"column":9},"end":{"line":4,"column":10}},"loc":{"start":{"line":4,"column":19},"end":{"line":4,"column":49}},"line":4}},"branchMap":{},"s":{"0":4,"1":0,"2":0},"f":{"0":4,"1":0,"2":0},"b":{},"inputSourceMap":null,"_coverageSchema":"1a1c01bbd47fc00a2c39e90264f33305004495a9","hash":"6c7244b739e861d1e46dedcb375f9c2d685497e2"}
,"C:\\ME\\ENW VISA\\enw\\server\\src\\utils\\markdown.js": {"path":"C:\\ME\\ENW VISA\\enw\\server\\src\\utils\\markdown.js","statementMap":{"0":{"start":{"line":5,"column":15},"end":{"line":5,"column":35}},"1":{"start":{"line":6,"column":15},"end":{"line":6,"column":32}},"2":{"start":{"line":9,"column":0},"end":{"line":14,"column":3}},"3":{"start":{"line":17,"column":2},"end":{"line":17,"column":26}},"4":{"start":{"line":17,"column":16},"end":{"line":17,"column":26}},"5":{"start":{"line":20,"column":18},"end":{"line":20,"column":39}},"6":{"start":{"line":23,"column":20},"end":{"line":67,"column":4}},"7":{"start":{"line":69,"column":2},"end":{"line":69,"column":19}},"8":{"start":{"line":73,"column":2},"end":{"line":73,"column":26}},"9":{"start":{"line":73,"column":16},"end":{"line":73,"column":26}},"10":{"start":{"line":76,"column":20},"end":{"line":82,"column":11}},"11":{"start":{"line":84,"column":2},"end":{"line":86,"column":3}},"12":{"start":{"line":85,"column":4},"end":{"line":85,"column":21}},"13":{"start":{"line":88,"column":2},"end":{"line":88,"column":58}}},"fnMap":{"0":{"name":"parseMarkdown","decl":{"start":{"line":16,"column":16},"end":{"line":16,"column":29}},"loc":{"start":{"line":16,"column":39},"end":{"line":70,"column":1}},"line":16},"1":{"name":"extractExcerpt","decl":{"start":{"line":72,"column":16},"end":{"line":72,"column":30}},"loc":{"start":{"line":72,"column":57},"end":{"line":89,"column":1}},"line":72}},"branchMap":{"0":{"loc":{"start":{"line":17,"column":2},"end":{"line":17,"column":26}},"type":"if","locations":[{"start":{"line":17,"column":2},"end":{"line":17,"column":26}},{"start":{},"end":{}}],"line":17},"1":{"loc":{"start":{"line":72,"column":40},"end":{"line":72,"column":55}},"type":"default-arg","locations":[{"start":{"line":72,"column":52},"end":{"line":72,"column":55}}],"line":72},"2":{"loc":{"start":{"line":73,"column":2},"end":{"line":73,"column":26}},"type":"if","locations":[{"start":{"line":73,"column":2},"end":{"line":73,"column":26}},{"start":{},"end":{}}],"line":73},"3":{"loc":{"start":{"line":84,"column":2},"end":{"line":86,"column":3}},"type":"if","locations":[{"start":{"line":84,"column":2},"end":{"line":86,"column":3}},{"start":{},"end":{}}],"line":84}},"s":{"0":2,"1":2,"2":2,"3":0,"4":0,"5":0,"6":0,"7":0,"8":0,"9":0,"10":0,"11":0,"12":0,"13":0},"f":{"0":0,"1":0},"b":{"0":[0,0],"1":[0],"2":[0,0],"3":[0,0]},"inputSourceMap":null,"_coverageSchema":"1a1c01bbd47fc00a2c39e90264f33305004495a9","hash":"a8a5881e0067b9d5b3168389e0a71006aa026140"}
,"C:\\ME\\ENW VISA\\enw\\server\\src\\utils\\mongoErrors.js": {"path":"C:\\ME\\ENW VISA\\enw\\server\\src\\utils\\mongoErrors.js","statementMap":{"0":{"start":{"line":3,"column":2},"end":{"line":3,"column":35}},"1":{"start":{"line":8,"column":16},"end":{"line":8,"column":76}},"2":{"start":{"line":9,"column":16},"end":{"line":9,"column":72}},"3":{"start":{"line":10,"column":2},"end":{"line":10,"column":26}},"4":{"start":{"line":15,"column":2},"end":{"line":15,"column":51}},"5":{"start":{"line":15,"column":39},"end":{"line":15,"column":51}},"6":{"start":{"line":16,"column":14},"end":{"line":16,"column":16}},"7":{"start":{"line":17,"column":2},"end":{"line":19,"column":3}},"8":{"start":{"line":18,"column":4},"end":{"line":18,"column":51}},"9":{"start":{"line":20,"column":2},"end":{"line":20,"column":13}}},"fnMap":{"0":{"name":"isDuplicateKeyError","decl":{"start":{"line":2,"column":16},"end":{"line":2,"column":35}},"loc":{"start":{"line":2,"column":41},"end":{"line":4,"column":1}},"line":2},"1":{"name":"getDuplicateDetails","decl":{"start":{"line":6,"column":16},"end":{"line":6,"column":35}},"loc":{"start":{"line":6,"column":41},"end":{"line":11,"column":1}},"line":6},"2":{"name":"formatValidationErrors","decl":{"start":{"line":14,"column":16},"end":{"line":14,"column":38}},"loc":{"start":{"line":14,"column":44},"end":{"line":21,"column":1}},"line":14}},"branchMap":{"0":{"loc":{"start":{"line":3,"column":9},"end":{"line":3,"column":34}},"type":"binary-expr","locations":[{"start":{"line":3,"column":9},"end":{"line":3,"column":12}},{"start":{"line":3,"column":16},"end":{"line":3,"column":34}}],"line":3},"1":{"loc":{"start":{"line":8,"column":16},"end":{"line":8,"column":76}},"type":"cond-expr","locations":[{"start":{"line":8,"column":34},"end":{"line":8,"column":64}},{"start":{"line":8,"column":67},"end":{"line":8,"column":76}}],"line":8},"2":{"loc":{"start":{"line":9,"column":16},"end":{"line":9,"column":72}},"type":"cond-expr","locations":[{"start":{"line":9,"column":41},"end":{"line":9,"column":60}},{"start":{"line":9,"column":63},"end":{"line":9,"column":72}}],"line":9},"3":{"loc":{"start":{"line":9,"column":16},"end":{"line":9,"column":38}},"type":"binary-expr","locations":[{"start":{"line":9,"column":16},"end":{"line":9,"column":21}},{"start":{"line":9,"column":25},"end":{"line":9,"column":38}}],"line":9},"4":{"loc":{"start":{"line":15,"column":2},"end":{"line":15,"column":51}},"type":"if","locations":[{"start":{"line":15,"column":2},"end":{"line":15,"column":51}},{"start":{},"end":{}}],"line":15},"5":{"loc":{"start":{"line":17,"column":46},"end":{"line":17,"column":62}},"type":"binary-expr","locations":[{"start":{"line":17,"column":46},"end":{"line":17,"column":56}},{"start":{"line":17,"column":60},"end":{"line":17,"column":62}}],"line":17},"6":{"loc":{"start":{"line":18,"column":16},"end":{"line":18,"column":50}},"type":"binary-expr","locations":[{"start":{"line":18,"column":16},"end":{"line":18,"column":31}},{"start":{"line":18,"column":35},"end":{"line":18,"column":50}}],"line":18}},"s":{"0":0,"1":0,"2":0,"3":0,"4":0,"5":0,"6":0,"7":0,"8":0,"9":0},"f":{"0":0,"1":0,"2":0},"b":{"0":[0,0],"1":[0,0],"2":[0,0],"3":[0,0],"4":[0,0],"5":[0,0],"6":[0,0]},"inputSourceMap":null,"_coverageSchema":"1a1c01bbd47fc00a2c39e90264f33305004495a9","hash":"2d06198bf65987968671291d478fa4305216f837"}
}
