TN:
SF:src\app.js
FN:59,(anonymous_0)
FN:65,(anonymous_1)
FN:84,(anonymous_2)
FNF:3
FNH:0
FNDA:0,(anonymous_0)
FNDA:0,(anonymous_1)
FNDA:0,(anonymous_2)
DA:16,2
DA:19,2
DA:33,2
DA:41,2
DA:46,2
DA:49,2
DA:50,2
DA:53,2
DA:56,2
DA:57,0
DA:59,0
DA:65,2
DA:66,0
DA:75,2
DA:78,2
DA:81,2
DA:84,2
DA:85,0
DA:93,2
LF:19
LH:15
BRDA:56,0,0,0
BRDA:56,0,1,2
BRF:2
BRH:1
end_of_record
TN:
SF:src\server.js
FN:17,(anonymous_0)
FN:29,startServer
FN:35,(anonymous_2)
FN:41,(anonymous_3)
FN:43,(anonymous_4)
FNF:5
FNH:0
FNDA:0,(anonymous_0)
FNDA:0,startServer
FNDA:0,(anonymous_2)
FNDA:0,(anonymous_3)
FNDA:0,(anonymous_4)
DA:9,0
DA:10,0
DA:13,0
DA:14,0
DA:17,0
DA:18,0
DA:27,0
DA:30,0
DA:32,0
DA:35,0
DA:36,0
DA:37,0
DA:41,0
DA:42,0
DA:43,0
DA:44,0
DA:48,0
DA:49,0
DA:53,0
LF:19
LH:0
BRDA:22,0,0,0
BRDA:22,0,1,0
BRF:2
BRH:0
end_of_record
TN:
SF:src\config\config.js
FN:7,(anonymous_0)
FNF:1
FNH:1
FNDA:10,(anonymous_0)
DA:5,2
DA:7,2
DA:8,10
DA:9,10
DA:12,2
DA:44,2
DA:45,0
LF:7
LH:6
BRDA:9,0,0,8
BRDA:9,0,1,2
BRDA:13,1,0,2
BRDA:13,1,1,0
BRDA:15,2,0,2
BRDA:15,2,1,0
BRDA:18,3,0,2
BRDA:18,3,1,0
BRDA:22,4,0,2
BRDA:22,4,1,2
BRDA:24,5,0,2
BRDA:24,5,1,2
BRDA:25,6,0,2
BRDA:25,6,1,2
BRDA:26,7,0,2
BRDA:26,7,1,2
BRDA:30,8,0,2
BRDA:30,8,1,2
BRDA:44,9,0,0
BRDA:44,9,1,2
BRF:20
BRH:16
end_of_record
TN:
SF:src\config\db.js
FN:5,connectDB
FN:28,(anonymous_1)
FN:32,(anonymous_2)
FN:41,disconnectDB
FN:47,logDbInfo
FN:55,(anonymous_5)
FN:60,(anonymous_6)
FNF:7
FNH:0
FNDA:0,connectDB
FNDA:0,(anonymous_1)
FNDA:0,(anonymous_2)
FNDA:0,disconnectDB
FNDA:0,logDbInfo
FNDA:0,(anonymous_5)
FNDA:0,(anonymous_6)
DA:6,0
DA:8,0
DA:9,0
DA:12,0
DA:13,0
DA:15,0
DA:23,0
DA:24,0
DA:26,0
DA:28,0
DA:29,0
DA:32,0
DA:33,0
DA:36,0
DA:37,0
DA:42,0
DA:43,0
DA:48,0
DA:49,0
DA:55,0
DA:56,0
DA:57,0
DA:60,0
DA:61,0
DA:62,0
LF:25
LH:0
BRDA:8,0,0,0
BRDA:8,0,1,0
BRDA:24,1,0,0
BRDA:24,1,1,0
BRDA:50,2,0,0
BRDA:50,2,1,0
BRDA:50,3,0,0
BRDA:50,3,1,0
BRDA:50,4,0,0
BRDA:50,4,1,0
BRF:10
BRH:0
end_of_record
TN:
SF:src\controllers\blog.controller.js
FN:11,(anonymous_0)
FN:112,(anonymous_1)
FN:152,(anonymous_2)
FN:182,(anonymous_3)
FN:189,(anonymous_4)
FN:209,(anonymous_5)
FN:225,(anonymous_6)
FN:233,(anonymous_7)
FN:259,(anonymous_8)
FN:291,(anonymous_9)
FN:308,(anonymous_10)
FNF:11
FNH:0
FNDA:0,(anonymous_0)
FNDA:0,(anonymous_1)
FNDA:0,(anonymous_2)
FNDA:0,(anonymous_3)
FNDA:0,(anonymous_4)
FNDA:0,(anonymous_5)
FNDA:0,(anonymous_6)
FNDA:0,(anonymous_7)
FNDA:0,(anonymous_8)
FNDA:0,(anonymous_9)
FNDA:0,(anonymous_10)
DA:11,2
DA:13,0
DA:14,0
DA:18,0
DA:31,0
DA:34,0
DA:35,0
DA:38,0
DA:39,0
DA:40,0
DA:41,0
DA:45,0
DA:46,0
DA:47,0
DA:48,0
DA:50,0
DA:55,0
DA:66,0
DA:67,0
DA:71,0
DA:72,0
DA:80,0
DA:87,0
DA:97,0
DA:103,0
DA:112,2
DA:114,0
DA:115,0
DA:123,0
DA:128,0
DA:130,0
DA:135,0
DA:136,0
DA:137,0
DA:141,0
DA:142,0
DA:144,0
DA:146,0
DA:152,2
DA:153,0
DA:154,0
DA:156,0
DA:158,0
DA:160,0
DA:161,0
DA:164,0
DA:176,0
DA:182,2
DA:183,0
DA:188,0
DA:190,0
DA:195,0
DA:202,0
DA:209,2
DA:210,0
DA:223,0
DA:225,0
DA:233,2
DA:234,0
DA:237,0
DA:240,0
DA:241,0
DA:244,0
DA:250,0
DA:252,0
DA:259,2
DA:260,0
DA:261,0
DA:263,0
DA:265,0
DA:266,0
DA:270,0
DA:271,0
DA:272,0
DA:274,0
DA:275,0
DA:279,0
DA:280,0
DA:282,0
DA:284,0
DA:291,2
DA:292,0
DA:294,0
DA:296,0
DA:297,0
DA:300,0
DA:302,0
DA:308,2
DA:309,0
DA:311,0
LF:90
LH:9
BRDA:13,0,0,0
BRDA:13,0,1,0
BRDA:24,1,0,0
BRDA:28,2,0,0
BRDA:29,3,0,0
BRDA:30,4,0,0
BRDA:34,5,0,0
BRDA:34,5,1,0
BRDA:35,6,0,0
BRDA:35,6,1,0
BRDA:40,7,0,0
BRDA:40,7,1,0
BRDA:45,8,0,0
BRDA:45,8,1,0
BRDA:47,9,0,0
BRDA:47,9,1,0
BRDA:66,10,0,0
BRDA:66,10,1,0
BRDA:71,11,0,0
BRDA:71,11,1,0
BRDA:99,12,0,0
BRDA:99,12,1,0
BRDA:114,13,0,0
BRDA:114,13,1,0
BRDA:135,14,0,0
BRDA:135,14,1,0
BRDA:154,15,0,0
BRDA:156,16,0,0
BRDA:156,16,1,0
BRDA:160,17,0,0
BRDA:160,17,1,0
BRDA:240,18,0,0
BRDA:240,18,1,0
BRDA:265,19,0,0
BRDA:265,19,1,0
BRDA:270,20,0,0
BRDA:270,20,1,0
BRDA:274,21,0,0
BRDA:274,21,1,0
BRDA:296,22,0,0
BRDA:296,22,1,0
BRF:41
BRH:0
end_of_record
TN:
SF:src\controllers\partners.controller.js
FN:4,(anonymous_0)
FN:9,(anonymous_1)
FNF:2
FNH:0
FNDA:0,(anonymous_0)
FNDA:0,(anonymous_1)
DA:4,2
DA:5,0
DA:9,2
DA:10,0
DA:12,0
DA:14,0
DA:16,0
DA:21,0
DA:23,0
DA:24,0
DA:28,0
DA:29,0
DA:34,0
LF:13
LH:2
BRDA:23,0,0,0
BRDA:23,0,1,0
BRDA:28,1,0,0
BRDA:28,1,1,0
BRF:4
BRH:0
end_of_record
TN:
SF:src\controllers\seniors.controller.js
FN:9,(anonymous_0)
FN:10,(anonymous_1)
FN:12,(anonymous_2)
FN:17,(anonymous_3)
FN:90,(anonymous_4)
FN:114,(anonymous_5)
FN:126,(anonymous_6)
FNF:7
FNH:0
FNDA:0,(anonymous_0)
FNDA:0,(anonymous_1)
FNDA:0,(anonymous_2)
FNDA:0,(anonymous_3)
FNDA:0,(anonymous_4)
FNDA:0,(anonymous_5)
FNDA:0,(anonymous_6)
DA:9,0
DA:10,0
DA:11,0
DA:12,0
DA:13,0
DA:14,0
DA:17,0
DA:19,0
DA:20,0
DA:21,0
DA:23,0
DA:24,0
DA:26,0
DA:29,0
DA:40,0
DA:43,0
DA:44,0
DA:46,0
DA:56,0
DA:57,0
DA:60,0
DA:61,0
DA:62,0
DA:63,0
DA:73,0
DA:74,0
DA:75,0
DA:76,0
DA:78,0
DA:86,0
DA:90,0
DA:92,0
DA:96,0
DA:98,0
DA:99,0
DA:101,0
DA:111,0
DA:114,0
DA:115,0
DA:117,0
DA:121,0
DA:123,0
DA:126,0
DA:127,0
DA:128,0
DA:130,0
DA:137,0
DA:138,0
DA:140,0
DA:145,0
DA:150,0
DA:152,0
DA:154,0
LF:53
LH:0
BRDA:9,0,0,0
BRDA:9,0,1,0
BRDA:11,1,0,0
BRDA:11,1,1,0
BRDA:14,2,0,0
BRDA:14,2,1,0
BRDA:14,3,0,0
BRDA:14,3,1,0
BRDA:33,4,0,0
BRDA:33,4,1,0
BRDA:34,5,0,0
BRDA:34,5,1,0
BRDA:60,6,0,0
BRDA:60,6,1,0
BRDA:61,7,0,0
BRDA:61,7,1,0
BRDA:73,8,0,0
BRDA:73,8,1,0
BRDA:75,9,0,0
BRDA:75,9,1,0
BRDA:76,10,0,0
BRDA:76,10,1,0
BRDA:93,11,0,0
BRDA:93,11,1,0
BRDA:96,12,0,0
BRDA:96,12,1,0
BRDA:99,13,0,0
BRDA:99,13,1,0
BRDA:121,14,0,0
BRDA:121,14,1,0
BRDA:137,15,0,0
BRDA:137,15,1,0
BRDA:142,16,0,0
BRDA:142,16,1,0
BRDA:150,17,0,0
BRDA:150,17,1,0
BRF:36
BRH:0
end_of_record
TN:
SF:src\controllers\supportRequest.controller.js
FN:9,(anonymous_0)
FN:10,(anonymous_1)
FN:12,(anonymous_2)
FN:41,(anonymous_3)
FN:55,(anonymous_4)
FN:194,(anonymous_5)
FN:220,(anonymous_6)
FN:235,(anonymous_7)
FNF:8
FNH:4
FNDA:0,(anonymous_0)
FNDA:0,(anonymous_1)
FNDA:0,(anonymous_2)
FNDA:4,(anonymous_3)
FNDA:10,(anonymous_4)
FNDA:1,(anonymous_5)
FNDA:0,(anonymous_6)
FNDA:1,(anonymous_7)
DA:9,2
DA:10,2
DA:11,0
DA:12,2
DA:13,0
DA:14,0
DA:18,2
DA:27,2
DA:41,2
DA:43,4
DA:46,4
DA:47,4
DA:49,4
DA:50,0
DA:51,0
DA:55,10
DA:57,4
DA:72,4
DA:75,4
DA:78,4
DA:79,1
DA:89,3
DA:108,3
DA:111,3
DA:113,3
DA:115,3
DA:119,3
DA:124,3
DA:137,3
DA:138,0
DA:139,0
DA:142,3
DA:153,0
DA:154,0
DA:155,0
DA:157,0
DA:161,0
DA:162,0
DA:163,0
DA:164,0
DA:174,0
DA:175,0
DA:176,0
DA:177,0
DA:179,0
DA:187,0
DA:194,2
DA:195,1
DA:199,1
DA:201,1
DA:202,1
DA:204,1
DA:214,1
DA:220,2
DA:221,0
DA:223,0
DA:227,0
DA:229,0
DA:235,2
DA:236,1
DA:237,1
DA:239,1
DA:246,1
DA:247,0
DA:249,1
DA:254,1
DA:259,1
DA:261,1
DA:263,1
LF:69
LH:43
BRDA:9,0,0,0
BRDA:9,0,1,0
BRDA:11,1,0,0
BRDA:11,1,1,0
BRDA:14,2,0,0
BRDA:14,2,1,0
BRDA:14,3,0,0
BRDA:14,3,1,0
BRDA:49,4,0,0
BRDA:49,4,1,4
BRDA:55,5,0,10
BRDA:55,6,0,0
BRDA:55,6,1,10
BRDA:78,7,0,1
BRDA:78,7,1,3
BRDA:111,8,0,3
BRDA:111,8,1,0
BRDA:113,9,0,3
BRDA:113,9,1,3
BRDA:114,10,0,3
BRDA:114,10,1,0
BRDA:115,11,0,0
BRDA:115,11,1,3
BRDA:119,12,0,3
BRDA:119,12,1,1
BRDA:119,12,2,2
BRDA:119,12,3,2
BRDA:119,12,4,0
BRDA:137,13,0,0
BRDA:137,13,1,3
BRDA:153,14,0,0
BRDA:153,14,1,0
BRDA:153,15,0,0
BRDA:153,15,1,0
BRDA:161,16,0,0
BRDA:161,16,1,0
BRDA:162,17,0,0
BRDA:162,17,1,0
BRDA:174,18,0,0
BRDA:174,18,1,0
BRDA:176,19,0,0
BRDA:176,19,1,0
BRDA:177,20,0,0
BRDA:177,20,1,0
BRDA:196,21,0,1
BRDA:196,21,1,1
BRDA:199,22,0,1
BRDA:199,22,1,1
BRDA:202,23,0,0
BRDA:202,23,1,1
BRDA:227,24,0,0
BRDA:227,24,1,0
BRDA:246,25,0,0
BRDA:246,25,1,1
BRDA:251,26,0,1
BRDA:251,26,1,0
BRDA:259,27,0,0
BRDA:259,27,1,1
BRF:58
BRH:23
end_of_record
TN:
SF:src\controllers\volunteers.controller.js
FN:8,createVolunteer
FN:40,(anonymous_1)
FNF:2
FNH:1
FNDA:1,createVolunteer
FNDA:0,(anonymous_1)
DA:9,1
DA:10,1
DA:11,1
DA:14,0
DA:15,0
DA:16,0
DA:25,0
DA:26,0
DA:27,0
DA:35,0
DA:40,2
DA:41,0
LF:12
LH:4
BRDA:14,0,0,0
BRDA:14,0,1,0
BRDA:15,1,0,0
BRDA:26,2,0,0
BRDA:26,2,1,0
BRF:5
BRH:0
end_of_record
TN:
SF:src\middleware\auth.js
FN:2,(anonymous_0)
FNF:1
FNH:0
FNDA:0,(anonymous_0)
DA:2,0
DA:3,0
DA:4,0
DA:5,0
DA:6,0
DA:8,0
LF:6
LH:0
BRDA:5,0,0,0
BRDA:5,0,1,0
BRDA:5,1,0,0
BRDA:5,1,1,0
BRF:4
BRH:0
end_of_record
TN:
SF:src\middleware\errorHandler.js
FN:4,(anonymous_0)
FN:14,(anonymous_1)
FN:41,(anonymous_2)
FN:42,(anonymous_3)
FNF:4
FNH:2
FNDA:0,(anonymous_0)
FNDA:0,(anonymous_1)
FNDA:26,(anonymous_2)
FNDA:6,(anonymous_3)
DA:5,0
DA:6,0
DA:7,0
DA:8,0
DA:10,0
DA:14,2
DA:15,0
DA:18,0
DA:26,0
DA:27,0
DA:28,0
DA:31,0
DA:41,2
DA:42,26
DA:43,6
LF:15
LH:4
BRDA:4,0,0,0
BRDA:4,1,0,0
BRDA:8,2,0,0
BRDA:8,2,1,0
BRDA:15,3,0,0
BRDA:26,4,0,0
BRDA:26,4,1,0
BRDA:26,5,0,0
BRDA:26,5,1,0
BRDA:36,6,0,0
BRDA:36,6,1,0
BRF:11
BRH:0
end_of_record
TN:
SF:src\middleware\validation.js
FN:3,validate
FN:8,(anonymous_1)
FNF:2
FNH:1
FNDA:5,validate
FNDA:0,(anonymous_1)
DA:4,5
DA:5,5
DA:7,5
DA:8,0
DA:14,0
DA:21,5
DA:23,0
LF:7
LH:4
BRDA:7,0,0,0
BRDA:7,0,1,5
BRDA:26,1,0,0
BRDA:26,1,1,0
BRF:4
BRH:1
end_of_record
TN:
SF:src\models\blogCategory.model.js
FN:32,(anonymous_0)
FNF:1
FNH:0
FNDA:0,(anonymous_0)
DA:4,2
DA:32,2
DA:33,0
DA:34,0
DA:36,0
LF:5
LH:2
BRDA:33,0,0,0
BRDA:33,0,1,0
BRDA:33,1,0,0
BRDA:33,1,1,0
BRF:4
BRH:0
end_of_record
TN:
SF:src\models\blogPost.model.js
FN:77,(anonymous_0)
FNF:1
FNH:0
FNDA:0,(anonymous_0)
DA:4,2
DA:77,2
DA:78,0
DA:79,0
DA:82,0
DA:87,0
DA:88,0
DA:93,0
DA:94,0
DA:95,0
DA:99,0
DA:100,0
DA:103,0
DA:107,2
DA:108,2
DA:109,2
LF:16
LH:5
BRDA:78,0,0,0
BRDA:78,0,1,0
BRDA:78,1,0,0
BRDA:78,1,1,0
BRDA:87,2,0,0
BRDA:87,2,1,0
BRDA:93,3,0,0
BRDA:93,3,1,0
BRDA:99,4,0,0
BRDA:99,4,1,0
BRDA:99,5,0,0
BRDA:99,5,1,0
BRF:12
BRH:0
end_of_record
TN:
SF:src\models\partner.model.js
FN:89,(anonymous_0)
FNF:1
FNH:0
FNDA:0,(anonymous_0)
DA:3,2
DA:89,0
LF:2
LH:1
BRF:0
BRH:0
end_of_record
TN:
SF:src\models\senior.model.js
FNF:0
FNH:0
DA:3,2
DA:61,2
DA:62,2
LF:3
LH:3
BRF:0
BRH:0
end_of_record
TN:
SF:src\models\supportRequest.model.js
FNF:0
FNH:0
DA:2,2
DA:4,2
DA:51,2
DA:52,2
LF:4
LH:4
BRF:0
BRH:0
end_of_record
TN:
SF:src\models\task.model.js
FNF:0
FNH:0
DA:2,0
DA:4,0
DA:46,0
DA:47,0
LF:4
LH:0
BRF:0
BRH:0
end_of_record
TN:
SF:src\models\volunteer.model.js
FNF:0
FNH:0
DA:3,2
DA:90,2
DA:91,2
DA:92,2
LF:4
LH:4
BRF:0
BRH:0
end_of_record
TN:
SF:src\models\volunteerAssignment.model.js
FNF:0
FNH:0
DA:2,1
DA:4,1
DA:40,1
LF:3
LH:3
BRF:0
BRH:0
end_of_record
TN:
SF:src\routes\blog.routes.js
FN:75,(anonymous_0)
FNF:1
FNH:0
FNDA:0,(anonymous_0)
DA:7,2
DA:10,2
DA:20,2
DA:27,2
DA:34,2
DA:35,2
DA:38,2
DA:49,2
DA:60,2
DA:67,2
DA:75,2
DA:76,0
LF:12
LH:11
BRF:0
BRH:0
end_of_record
TN:
SF:src\routes\index.js
FN:10,(anonymous_0)
FNF:1
FNH:0
FNDA:0,(anonymous_0)
DA:7,2
DA:10,2
DA:11,0
DA:24,2
DA:25,2
DA:26,2
DA:27,2
LF:7
LH:6
BRF:0
BRH:0
end_of_record
TN:
SF:src\routes\partners.routes.js
FNF:0
FNH:0
DA:4,2
DA:6,2
DA:7,2
LF:3
LH:3
BRF:0
BRH:0
end_of_record
TN:
SF:src\routes\seniors.routes.js
FN:53,(anonymous_0)
FNF:1
FNH:1
FNDA:4,(anonymous_0)
DA:8,2
DA:16,2
DA:53,4
DA:60,2
DA:66,2
DA:74,2
DA:77,2
DA:85,2
DA:93,2
LF:9
LH:9
BRF:0
BRH:0
end_of_record
TN:
SF:src\routes\volunteers.routes.js
FNF:0
FNH:0
DA:4,2
DA:7,2
DA:10,2
DA:13,2
LF:4
LH:4
BRF:0
BRH:0
end_of_record
TN:
SF:src\services\email.service.js
FN:2,(anonymous_0)
FNF:1
FNH:0
FNDA:0,(anonymous_0)
DA:2,0
DA:3,0
DA:4,0
LF:3
LH:0
BRF:0
BRH:0
end_of_record
TN:
SF:src\utils\logger.js
FN:2,(anonymous_0)
FN:3,(anonymous_1)
FN:4,(anonymous_2)
FNF:3
FNH:1
FNDA:4,(anonymous_0)
FNDA:0,(anonymous_1)
FNDA:0,(anonymous_2)
DA:2,4
DA:3,0
DA:4,0
LF:3
LH:1
BRF:0
BRH:0
end_of_record
TN:
SF:src\utils\markdown.js
FN:16,parseMarkdown
FN:72,extractExcerpt
FNF:2
FNH:0
FNDA:0,parseMarkdown
FNDA:0,extractExcerpt
DA:5,2
DA:6,2
DA:9,2
DA:17,0
DA:20,0
DA:23,0
DA:69,0
DA:73,0
DA:76,0
DA:84,0
DA:85,0
DA:88,0
LF:12
LH:3
BRDA:17,0,0,0
BRDA:17,0,1,0
BRDA:72,1,0,0
BRDA:73,2,0,0
BRDA:73,2,1,0
BRDA:84,3,0,0
BRDA:84,3,1,0
BRF:7
BRH:0
end_of_record
TN:
SF:src\utils\mongoErrors.js
FN:2,isDuplicateKeyError
FN:6,getDuplicateDetails
FN:14,formatValidationErrors
FNF:3
FNH:0
FNDA:0,isDuplicateKeyError
FNDA:0,getDuplicateDetails
FNDA:0,formatValidationErrors
DA:3,0
DA:8,0
DA:9,0
DA:10,0
DA:15,0
DA:16,0
DA:17,0
DA:18,0
DA:20,0
LF:9
LH:0
BRDA:3,0,0,0
BRDA:3,0,1,0
BRDA:8,1,0,0
BRDA:8,1,1,0
BRDA:9,2,0,0
BRDA:9,2,1,0
BRDA:9,3,0,0
BRDA:9,3,1,0
BRDA:15,4,0,0
BRDA:15,4,1,0
BRDA:17,5,0,0
BRDA:17,5,1,0
BRDA:18,6,0,0
BRDA:18,6,1,0
BRF:14
BRH:0
end_of_record
